Vivado Simulator v2025.2
Copyright 1986-2022 Xilinx, Inc. All Rights Reserved.
Copyright 2022-2025 Advanced Micro Devices, Inc. All Rights Reserved.
Running: C:/AMDDesignTools/2025.2/Vivado/bin/unwrapped/win64.o/xelab.exe xil_defaultlib.apatb_des_encrypt_top xil_defaultlib.glbl -Oenable_linking_all_libraries -prj des_encrypt.prj -L smartconnect_v1_0 -L axi_protocol_checker_v1_1_12 -L axi_protocol_checker_v1_1_13 -L axis_protocol_checker_v1_1_11 -L axis_protocol_checker_v1_1_12 -L xil_defaultlib -L unisims_ver -L xpm -L floating_point_v7_1_21 -L floating_point_v7_0_26 --lib ieee_proposed=./ieee_proposed -L uvm -relax -i ./svr -i ./axivip -i ./svtb -i ./file_agent -i ./des_encrypt_subsystem -s des_encrypt 
Multi-threading is on. Using 26 slave threads.
INFO: [VRFC 10-2263] Analyzing SystemVerilog file "C:/02_work/PDC/PDC_Project/des_crypto/des_crypto/hls/sim/verilog/glbl.v" into library xil_defaultlib
INFO: [VRFC 10-311] analyzing module glbl
INFO: [VRFC 10-2263] Analyzing SystemVerilog file "C:/02_work/PDC/PDC_Project/des_crypto/des_crypto/hls/sim/verilog/des_encrypt.autotb.v" into library xil_defaultlib
INFO: [VRFC 10-311] analyzing module apatb_des_encrypt_top
INFO: [VRFC 10-2263] Analyzing SystemVerilog file "C:/02_work/PDC/PDC_Project/des_crypto/des_crypto/hls/sim/verilog/des_encrypt.v" into library xil_defaultlib
INFO: [VRFC 10-311] analyzing module des_encrypt
INFO: [VRFC 10-2263] Analyzing SystemVerilog file "C:/02_work/PDC/PDC_Project/des_crypto/des_crypto/hls/sim/verilog/des_encrypt_des_core.v" into library xil_defaultlib
INFO: [VRFC 10-311] analyzing module des_encrypt_des_core
INFO: [VRFC 10-2263] Analyzing SystemVerilog file "C:/02_work/PDC/PDC_Project/des_crypto/des_crypto/hls/sim/verilog/des_encrypt_generate_subkeys.v" into library xil_defaultlib
INFO: [VRFC 10-311] analyzing module des_encrypt_generate_subkeys
INFO: [VRFC 10-2263] Analyzing SystemVerilog file "C:/02_work/PDC/PDC_Project/des_crypto/des_crypto/hls/sim/verilog/des_encrypt_sparsemux_33_4_4_1_1.v" into library xil_defaultlib
INFO: [VRFC 10-311] analyzing module des_encrypt_sparsemux_33_4_4_1_1
INFO: [VRFC 10-2263] Analyzing SystemVerilog file "C:/02_work/PDC/PDC_Project/des_crypto/des_crypto/hls/sim/verilog/des_encrypt_sparsemux_9_2_4_1_1.v" into library xil_defaultlib
INFO: [VRFC 10-311] analyzing module des_encrypt_sparsemux_9_2_4_1_1
INFO: [VRFC 10-2263] Analyzing SystemVerilog file "C:/02_work/PDC/PDC_Project/des_crypto/des_crypto/hls/sim/verilog/dataflow_monitor.sv" into library xil_defaultlib
INFO: [VRFC 10-311] analyzing module dataflow_monitor
INFO: [VRFC 10-2263] Analyzing SystemVerilog file "C:/02_work/PDC/PDC_Project/des_crypto/des_crypto/hls/sim/verilog/file_agent/file_agent_pkg.sv" into library xil_defaultlib
INFO: [VRFC 10-2263] Analyzing SystemVerilog file "C:/02_work/PDC/PDC_Project/des_crypto/des_crypto/hls/sim/verilog/svr/svr_pkg.sv" into library xil_defaultlib
INFO: [VRFC 10-2263] Analyzing SystemVerilog file "C:/02_work/PDC/PDC_Project/des_crypto/des_crypto/hls/sim/verilog/svr/svr_if.sv" into library xil_defaultlib
INFO: [VRFC 10-2263] Analyzing SystemVerilog file "C:/02_work/PDC/PDC_Project/des_crypto/des_crypto/hls/sim/verilog/des_encrypt_subsystem/des_encrypt_subsystem_pkg.sv" into library xil_defaultlib
INFO: [VRFC 10-2263] Analyzing SystemVerilog file "C:/02_work/PDC/PDC_Project/des_crypto/des_crypto/hls/sim/verilog/svtb/misc_interface.sv" into library xil_defaultlib
INFO: [VRFC 10-2263] Analyzing SystemVerilog file "C:/02_work/PDC/PDC_Project/des_crypto/des_crypto/hls/sim/verilog/svtb/sv_module_top.sv" into library xil_defaultlib
INFO: [VRFC 10-311] analyzing module sv_module_top
Starting static elaboration
Pass Through NonSizing Optimizer
Completed static elaboration
Starting simulation data flow analysis
WARNING: [XSIM 43-4099] "/proj/primebuilds/9999.0_PRIME_0428_0031/installs/data/system_verilog/uvm_1.2/xlnx_uvm_package.sv" Line 4356. Module uvm_pkg doesn't have a timescale but at least one module in design has a timescale.
Completed simulation data flow analysis
Time Resolution for simulation is 1ps
Compiling package xil_defaultlib.$unit_sv_module_top_sv
Compiling package uvm.uvm_pkg
Compiling package std.std
Compiling package xil_defaultlib.svr_pkg
Compiling package xil_defaultlib.file_agent_pkg
Compiling package xil_defaultlib.des_encrypt_subsystem_pkg
Compiling package xil_defaultlib.$unit_dataflow_monitor_sv
Compiling module xil_defaultlib.des_encrypt_generate_subkeys
Compiling module xil_defaultlib.des_encrypt_sparsemux_33_4_4_1_1...
Compiling module xil_defaultlib.des_encrypt_sparsemux_9_2_4_1_1(...
Compiling module xil_defaultlib.des_encrypt_des_core
Compiling module xil_defaultlib.des_encrypt
Compiling module xil_defaultlib.misc_interface_default
Compiling module xil_defaultlib.svr_if(DATA_WIDTH=64)
Compiling module xil_defaultlib.sv_module_top
Compiling module xil_defaultlib.nodf_module_intf_default
Compiling module xil_defaultlib.dataflow_monitor_1
Compiling module xil_defaultlib.apatb_des_encrypt_top
Compiling module xil_defaultlib.glbl
Built simulation snapshot des_encrypt
