# 
# Steps log generated by v++
# This log file contains a collection of steps that describe the kernel compilation flow
# Note: Some steps are tagged as internal, these steps are for debugging purposes and 
#       are not expected to be able to run independently.
# 

# The following environment variables are set when running vitis-run
Environment variables :
------------------------------------------
ALLUSERSPROFILE=C:\ProgramData
ANDROID_HOME=C:\Users\panti\AppData\Local\Android\Sdk
APPDATA=C:\Users\panti\AppData\Roaming
arr.length=0
arr.Ubound=-1
CHARPOP=1
ChocolateyInstall=C:\ProgramData\chocolatey
ChocolateyLastPathUpdate=133925791431130203
CMAKE_OBJECT_PATH_MAX=4096
CommonProgramFiles=C:\Program Files\Common Files
CommonProgramFiles(x86)=C:\Program Files (x86)\Common Files
CommonProgramW6432=C:\Program Files\Common Files
COMPUTERNAME=PANTI
ComSpec=C:\Windows\system32\cmd.exe
DriverData=C:\Windows\System32\Drivers\DriverData
EFC_7088_1262719628=1
EFC_7088_1592913036=1
EFC_7088_2283032206=1
EFC_7088_2775293581=1
EFC_7088_3789132940=1
FPS_BROWSER_APP_PROFILE_STRING=Internet Explorer
FPS_BROWSER_USER_PROFILE_STRING=Default
GSTREAMER_1_0_ROOT_MSVC_X86_64=C:\Program Files\gstreamer\1.0\msvc_x86_64\
HDI_APPROOT=C:/AMDDesignTools/2025.2/Vitis
HDI_PROCESSOR=i686
HOMEDRIVE=C:
HOMEPATH=\Users\panti
HW_SERVER_DJTG_DISABLE=1
HW_SERVER_FTDIMGR_DISABLE=1
IDE_SKIP_SERVER_LICENSE=1
INT_VARIABLE_NAME=XILINX_PATH
ISL_IOSTREAMS_RSA=C:/AMDDesignTools/2025.2/Vitis/tps/isl
JAVA_EXE=C:/AMDDesignTools/2025.2/Vitis\tps\win64\jre21.0.5_11\bin\java.exe
JAVA_HOME=C:/AMDDesignTools/2025.2/Vitis\tps\win64\jre21.0.5_11
LC_NUMERIC=C
LOCALAPPDATA=C:\Users\panti\AppData\Local
LOGONSERVER=\\PANTI
LOPPER_DTC_FLAGS=-b 0 -@
NOSPLASH=false
NUMBER_OF_PROCESSORS=28
OneDrive=C:\Users\panti\OneDrive
ORIGINAL_XDG_CURRENT_DESKTOP=undefined
OS=Windows_NT
PATH=C:/AMDDesignTools/2025.2/Vivado/tps/win64/binutils-2.26/bin;C:/AMDDesignTools/2025.2/Vitis/bin/../gnu/aarch64/nt/aarch64-linux/bin;C:/AMDDesignTools/2025.2/Vitis/bin/../gnu/ppc64le/4.9.3/win64/bin;C:/AMDDesignTools/2025.2/Vitis/bin/../gnu/aarch32/nt/gcc-arm-linux-gnueabi/bin;C:/AMDDesignTools/2025.2/Vitis/tps/mingw/6.2.0/win64.o/nt/bin;C:/AMDDesignTools/2025.2/Vivado\gnuwin\bin;C:/AMDDesignTools/2025.2/Vivado\gnu\microblaze\nt\bin;C:/AMDDesignTools/2025.2/Vitis/bin;C:/AMDDesignTools/2025.2/Vitis\tps\win64;C:/AMDDesignTools/2025.2/Vitis/tps/win64/java-cef-95.0.4638.69/bin/lib/win64;C:/AMDDesignTools/2025.2/Vitis/tps/win64/javafx-sdk-11.0.2/lib;C:/AMDDesignTools/2025.2/Vitis/tps/win64/javafx-sdk-11.0.2/bin;C:/AMDDesignTools/2025.2/Vitis/lib/win64.o;C:/AMDDesignTools/2025.2/Vitis/tps/win64/jre11.0.16_1/bin/server;C:/AMDDesignTools/2025.2/Vitis/tps/win64/jre11.0.16_1/bin;C:/AMDDesignTools/2025.2/Vitis\tps\win64\cmake-3.24.2\bin;C:/AMDDesignTools/2025.2/Vitis\gnu\microblaze\nt\bin;C:/AMDDesignTools/2025.2/Vitis\gnu\microblaze\linux_toolchain\nt64_le\bin;C:/AMDDesignTools/2025.2/Vitis\gnu\aarch32\nt\gcc-arm-linux-gnueabi\bin;C:/AMDDesignTools/2025.2/Vitis\gnu\aarch32\nt\gcc-arm-none-eabi\bin;C:/AMDDesignTools/2025.2/Vitis\gnu\aarch64\nt\aarch64-linux\bin;C:/AMDDesignTools/2025.2/Vitis\gnu\aarch64\nt\aarch64-none\bin;C:/AMDDesignTools/2025.2/Vitis\gnu\armr5\nt\gcc-arm-none-eabi\bin;C:/AMDDesignTools/2025.2/Vitis\gnuwin\bin;C:/AMDDesignTools/2025.2/Vitis\tps\win64\python-3.13.0;C:/AMDDesignTools/2025.2/Vitis\tps\win64\jre21.0.5_11\bin;C:/AMDDesignTools/2025.2/Vitis\tps\win64\libxslt\bin;C:/AMDDesignTools/2025.2/Vitis\gnu\arm\nt\bin;C:/AMDDesignTools/2025.2/Vitis\gnu\microblaze\linux_toolchain\nt64_be\bin;C:/AMDDesignTools/2025.2/Vitis\gnu\riscv\nt\bin;C:/AMDDesignTools/2025.2/Vitis\gnu\riscv\linux_toolchain\nt64\bin;C:/AMDDesignTools/2025.2/Vitis\gnu\riscv\linux_toolchain\nt32\bin;C:/AMDDesignTools/2025.2/Vivado\tps\win64\python-3.13.0;C:/AMDDesignTools/2025.2/Vivado\tps\win64\git-2.50.0\bin;C:/AMDDesignTools/2025.2/Vivado\tps\win64\cmake-3.24.2\bin;C:/AMDDesignTools/2025.2/Vitis/win64/tools/vcxx\libexec;C:/AMDDesignTools/2025.2/Vivado\tps\win64\jre21.0.5_11\bin;C:/AMDDesignTools/2025.2/Vivado\tps\win64\libxslt/bin;C:\Python314\Scripts\;C:\Python314\;C:\Program Files\Eclipse Adoptium\jdk-21.0.7.6-hotspot\bin;C:\Program Files (x86)\Common Files\Oracle\Java\java8path;C:\Program Files (x86)\Common Files\Oracle\Java\javapath;C:\Program Files (x86)\VMware\VMware Workstation\bin\;C:\Windows\system32;C:\Windows;C:\Windows\System32\Wbem;C:\Windows\System32\WindowsPowerShell\v1.0\;C:\Windows\System32\OpenSSH\;C:\Program Files\Git\cmd;C:\ProgramData\chocolatey\bin;C:\Users\panti\AppData\Local\Programs\Python\Python313\Scripts\;C:\Users\panti\AppData\Local\Programs\Python\Python313\;C:\Users\panti\AppData\Local\Programs\Python\Launcher\;C:\Users\panti\AppData\Local\Microsoft\WindowsApps;C:\Users\panti\AppData\Local\JetBrains\Toolbox\scripts;C:\Users\panti\AppData\Local\Android\Sdk\platform-tools;C:\Users\panti\AppData\Local\Android\Sdk\platform-tools\adb.exe;C:\Users\panti\AppData\Local\Programs\Microsoft VS Code\bin;C:\Users\panti\AppDat;java -jar C:\Tools\bundletool.jar;C:\Program Files\Docker\Docker\resources\bin;C:\Program Files\dotnet\;C:\Program Files\nodejs\;C:\Program Files\Amazon\AWSCLIV2\;C:\Users\panti\AppData\Roaming\Python\Python314\Scripts;C:\Users\panti\AppData\Local\Android\Sdk\emulator;C:\Program Files\mitmproxy\bin;C:\Users\panti\.dotnet\tools;C:\Users\panti\AppData\Roaming\npm;;C:/AMDDesignTools/2025.2/Vitis\tps\mingw\6.2.0\win64.o\nt\bin;C:/AMDDesignTools/2025.2/Vitis\tps\mingw\6.2.0\win64.o\nt\libexec\gcc\x86_64-w64-mingw32\6.2.0
PATHEXT=.COM;.EXE;.BAT;.CMD;.VBS;.VBE;.JS;.JSE;.WSF;.WSH;.MSC;.PY;.PYW
PROCESSOR_ARCHITECTURE=AMD64
PROCESSOR_IDENTIFIER=Intel64 Family 6 Model 183 Stepping 1, GenuineIntel
PROCESSOR_LEVEL=6
PROCESSOR_REVISION=b701
PRODVERSION_EXE=C:/AMDDesignTools/2025.2/Vitis/bin/unwrapped/win64.o/prodversion.exe
ProgramData=C:\ProgramData
ProgramFiles=C:\Program Files
ProgramFiles(x86)=C:\Program Files (x86)
ProgramW6432=C:\Program Files
PROMPT=$P$G
PSModulePath=C:\Program Files\WindowsPowerShell\Modules;C:\Windows\system32\WindowsPowerShell\v1.0\Modules
PUBLIC=C:\Users\Public
PYTHONPATH=C:/AMDDesignTools/2025.2/Vitis\cli;C:/AMDDesignTools/2025.2/Vitis\cli\python-packages\win64;C:/AMDDesignTools/2025.2/Vitis\cli\python-packages\site-packages;C:/AMDDesignTools/2025.2/Vitis\cli\proto;C:/AMDDesignTools/2025.2/Vitis\scripts\python_pkg;
python_path=C:/AMDDesignTools/2025.2/Vitis\cli;C:/AMDDesignTools/2025.2/Vitis\cli\python-packages\win64;C:/AMDDesignTools/2025.2/Vitis\cli\python-packages\site-packages;C:/AMDDesignTools/2025.2/Vitis\cli\proto;C:/AMDDesignTools/2025.2/Vitis\scripts\python_pkg;
RDI_APPROOT=C:/AMDDesignTools/2025.2/Vitis
RDI_ARGS= --mode hls --csim --config C:\02_work\PDC\PDC_Project\des_crypto\hls_config.cfg --work_dir des_crypto
RDI_ARGS_FUNCTION=RDI_EXEC_DEFAULT
RDI_BASEROOT=C:/AMDDesignTools/2025.2
RDI_BINDIR=C:/AMDDesignTools/2025.2/Vitis/bin
RDI_BINROOT=C:/AMDDesignTools/2025.2/Vitis/bin
RDI_BUILD=yes
RDI_CHECK_PROG=True
RDI_DATADIR=C:/AMDDesignTools/2025.2/Vitis/data
RDI_INSTALLROOT=C:/AMDDesignTools
RDI_INSTALLVER=Vitis
RDI_INSTALLVERSION=2025.2
RDI_JAVACEFROOT=C:/AMDDesignTools/2025.2/Vitis/tps/win64/java-cef-95.0.4638.69
RDI_JAVAFXROOT=C:/AMDDesignTools/2025.2/Vitis/tps/win64/javafx-sdk-11.0.2
RDI_JAVAROOT=C:/AMDDesignTools/2025.2/Vitis/tps/win64/jre11.0.16_1
RDI_JAVA_VERSION=11.0.16_1
RDI_LIBDIR=C:/AMDDesignTools/2025.2/Vitis/lib/win64.o
RDI_MINGW_LIB=C:/AMDDesignTools/2025.2/Vitis\tps\mingw\6.2.0\win64.o\nt\bin;C:/AMDDesignTools/2025.2/Vitis\tps\mingw\6.2.0\win64.o\nt\libexec\gcc\x86_64-w64-mingw32\6.2.0
RDI_OPT_EXT=.o
RDI_OS_ARCH=64
RDI_PLATFORM=win64
RDI_PREPEND_PATH=C:/AMDDesignTools/2025.2/Vitis/bin
RDI_PROG=C:/AMDDesignTools/2025.2/Vitis/bin/unwrapped/win64.o/vitis-run.exe
RDI_PROGNAME=vitis-run.exe
RDI_SESSION_INFO=C:\AMDDesignTools\2025.2\Vitis\bin:PANTI-06-Feb-26_15-23-34.11
RDI_SHARED_DATA=C:/AMDDesignTools/SharedData/2025.2/data
RDI_TEMPINSTALL=C:\AMDDesignTools\2025.2
RDI_TPS_ROOT=C:/AMDDesignTools/2025.2/Vivado/tps/win64
RDI_USE_JDK11=1
RDI_VERBOSE=False
RT_LIBPATH=C:/AMDDesignTools/2025.2/Vitis/scripts/rt/data
RT_TCL_PATH=C:/AMDDesignTools/2025.2/Vitis/scripts/rt/base_tcl/tcl
SESSIONNAME=Console
session_string=C:\02_work\PDC\PDC_Project\des_crypto:PANTI-06-Feb-26_15-40-22.25
supports_classic_ide=true
SYNTH_COMMON=C:/AMDDesignTools/2025.2/Vitis/scripts/rt/data
SystemDrive=C:
SystemRoot=C:\Windows
TCL_LIBRARY=C:/AMDDesignTools/2025.2/Vitis/tps/tcl/tcl8.6
TCMALLOC_LARGE_ALLOC_REPORT_THRESHOLD=4294967296
TEMP=C:\Users\panti\AppData\Local\Temp
THEIA_APP_PROJECT_PATH=C:\AMDDesignTools\2025.2\Vitis\ide\electron-app\win64\resources\app
THEIA_DEFAULT_PLUGINS=local-dir:C:\AMDDesignTools\2025.2\Vitis\ide\electron-app\win64\resources\app\plugins
THEIA_ELECTRON_TOKEN={"value":"8bcdd480-7573-48ea-ab91-8ab5fb7d921a"}
THEIA_ELECTRON_VERSION=30.1.2
THEIA_PLUGINS=local-dir:C:\Users\panti\.theia\plugins
TMP=C:\Users\panti\AppData\Local\Temp
tooldir=tps\win64\git-2.50.0
TOOLS_CLANGD=C:/AMDDesignTools/2025.2/Vitis/win64/tools/vcxx\libexec
TPS_CMAKE=C:/AMDDesignTools/2025.2/Vivado\tps\win64\cmake-3.24.2
TPS_GIT=C:/AMDDesignTools/2025.2/Vivado\tps\win64\git-2.50.0
TPS_LIBXSLT=C:/AMDDesignTools/2025.2/Vivado\tps\win64\libxslt
TPS_PYTHON=C:/AMDDesignTools/2025.2/Vivado\tps\win64\python-3.13.0
USERDOMAIN=PANTI
USERDOMAIN_ROAMINGPROFILE=PANTI
USERNAME=panti
USERPROFILE=C:\Users\panti
VALIDATE_ARGS="False"
VBOX_MSI_INSTALL_PATH=C:\Program Files\Oracle\VirtualBox\
VITISNEW=true
VSCODE_API_VERSION=1.99.3
windir=C:\Windows
XILINX_HLS=C:/AMDDesignTools/2025.2/Vitis
XILINX_PLANAHEAD=C:/AMDDesignTools/2025.2/Vitis
XILINX_SDK=C:/AMDDesignTools/2025.2/Vitis
XILINX_VCXX=C:/AMDDesignTools/2025.2/Vitis/win64/tools/vcxx
XILINX_VERSION_DEFAULT=2025.2
XILINX_VERSION_VITIS=2025.2
XILINX_VITIS=C:/AMDDesignTools/2025.2/Vitis
XILINX_VITIS_GIT=C:/AMDDesignTools/2025.2/Vivado\tps\win64\git-2.50.0\bin
XILINX_VITIS_VERSION=Vitis v2025.2 (64-bit)
XILINX_VIVADO=C:/AMDDesignTools/2025.2/Vivado
XIL_CHECK_TCL_DEBUG=False
XIL_NO_OVERRIDE=0
XIL_SUPPRESS_OVERRIDE_WARNINGS=1
XVREDIST=C:/AMDDesignTools/2025.2/Vitis\tps\win64\xvcredist.exe
ZES_ENABLE_SYSMAN=1
_RDI_BINROOT=C:\AMDDesignTools\2025.2\Vitis\bin
_RDI_CWD=C:\02_work\PDC\PDC_Project\des_crypto
_RDI_DONT_SET_XILINX_AS_PATH=True
_RDI_VERSION_PROG=vitis-run
_valid=False
XILINX_CD_CONNECT_ID=50163
XILINX_CD_SESSION=59f1e159-1102-46cc-8c09-53201130acda


VITIS-RUN command line:
------------------------------------------
C:/AMDDesignTools/2025.2/Vitis/bin/unwrapped/win64.o/vitis-run.exe --mode hls --csim --config C:\02_work\PDC\PDC_Project\des_crypto\hls_config.cfg --work_dir des_crypto 

FINAL PROGRAM OPTIONS
--config C:\02_work\PDC\PDC_Project\des_crypto\hls_config.cfg
--csim
--hls.flow_target vivado
--hls.package.output.format ip_catalog
--hls.package.output.syn false
--hls.syn.file ../des.cpp
--hls.syn.file ../des.h
--hls.tb.file ../des_tb.cpp
--hls.tb.file ../des_tb.h
--mode hls
--part xc7a100tcsg324-1
--work_dir des_crypto

PARSED COMMAND LINE OPTIONS
--mode hls 
--csim 
--config C:\02_work\PDC\PDC_Project\des_crypto\hls_config.cfg 
--work_dir des_crypto 

PARSED CONFIG FILE (1) OPTIONS
file: C:\02_work\PDC\PDC_Project\des_crypto\hls_config.cfg
part xc7a100tcsg324-1 
hls.flow_target vivado 
hls.package.output.format ip_catalog 
hls.package.output.syn false 
hls.syn.file ../des.cpp 
hls.syn.file ../des.h 
hls.tb.file ../des_tb.cpp 
hls.tb.file ../des_tb.h 


==========================================
new:  steps log generated by v++ for new launch 
timestamp: 06 Feb 2026 15:40:26

------------------------------------------
VITIS-RUN command line :
------------------------------------------
C:/AMDDesignTools/2025.2/Vitis/bin/unwrapped/win64.o/vitis-run.exe --mode hls --csim --config C:\02_work\PDC\PDC_Project\des_crypto\hls_config.cfg --work_dir des_crypto 
  Options from -O    : 
  Options from *.ini : 
  Options from Hw Platform : 

==========================================
new:  steps log generated by v++ for new launch 
timestamp: 06 Feb 2026 15:44:51

------------------------------------------
V++ command line :
------------------------------------------
C:/AMDDesignTools/2025.2/Vitis/bin/unwrapped/win64.o/v++.exe -c --mode hls --config C:\02_work\PDC\PDC_Project\des_crypto\hls_config.cfg --work_dir des_crypto 
  Options from -O    : 
  Options from *.ini : 
  Options from Hw Platform : 

==========================================
new:  steps log generated by v++ for new launch 
timestamp: 06 Feb 2026 15:48:42

------------------------------------------
VITIS-RUN command line :
------------------------------------------
C:/AMDDesignTools/2025.2/Vitis/bin/unwrapped/win64.o/vitis-run.exe --mode hls --cosim --config C:\02_work\PDC\PDC_Project\des_crypto\hls_config.cfg --work_dir des_crypto 
  Options from -O    : 
  Options from *.ini : 
  Options from Hw Platform : 

==========================================
new:  steps log generated by v++ for new launch 
timestamp: 06 Feb 2026 15:55:08

------------------------------------------
VITIS-RUN command line :
------------------------------------------
C:/AMDDesignTools/2025.2/Vitis/bin/unwrapped/win64.o/vitis-run.exe --mode hls --csim --config C:\02_work\PDC\PDC_Project\des_crypto\hls_config.cfg --work_dir des_crypto 
  Options from -O    : 
  Options from *.ini : 
  Options from Hw Platform : 

==========================================
new:  steps log generated by v++ for new launch 
timestamp: 06 Feb 2026 16:15:49

------------------------------------------
V++ command line :
------------------------------------------
C:/AMDDesignTools/2025.2/Vitis/bin/unwrapped/win64.o/v++.exe -c --mode hls --config C:\02_work\PDC\PDC_Project\des_crypto\hls_config.cfg --work_dir des_crypto 
  Options from -O    : 
  Options from *.ini : 
  Options from Hw Platform : 

==========================================
new:  steps log generated by v++ for new launch 
timestamp: 06 Feb 2026 16:16:22

------------------------------------------
V++ command line :
------------------------------------------
C:/AMDDesignTools/2025.2/Vitis/bin/unwrapped/win64.o/v++.exe -c --mode hls --config C:\02_work\PDC\PDC_Project\des_crypto\hls_config.cfg --work_dir des_crypto 
  Options from -O    : 
  Options from *.ini : 
  Options from Hw Platform : 

==========================================
new:  steps log generated by v++ for new launch 
timestamp: 06 Feb 2026 16:21:51

------------------------------------------
VITIS-RUN command line :
------------------------------------------
C:/AMDDesignTools/2025.2/Vitis/bin/unwrapped/win64.o/vitis-run.exe --mode hls --csim --config C:\02_work\PDC\PDC_Project\des_crypto\hls_config.cfg --work_dir des_crypto 
  Options from -O    : 
  Options from *.ini : 
  Options from Hw Platform : 

==========================================
new:  steps log generated by v++ for new launch 
timestamp: 06 Feb 2026 16:22:39

------------------------------------------
V++ command line :
------------------------------------------
C:/AMDDesignTools/2025.2/Vitis/bin/unwrapped/win64.o/v++.exe -c --mode hls --config C:\02_work\PDC\PDC_Project\des_crypto\hls_config.cfg --work_dir des_crypto 
  Options from -O    : 
  Options from *.ini : 
  Options from Hw Platform : 

==========================================
new:  steps log generated by v++ for new launch 
timestamp: 06 Feb 2026 16:22:52

------------------------------------------
VITIS-RUN command line :
------------------------------------------
C:/AMDDesignTools/2025.2/Vitis/bin/unwrapped/win64.o/vitis-run.exe --mode hls --csim --config C:\02_work\PDC\PDC_Project\des_crypto\hls_config.cfg --work_dir des_crypto 
  Options from -O    : 
  Options from *.ini : 
  Options from Hw Platform : 

==========================================
new:  steps log generated by v++ for new launch 
timestamp: 06 Feb 2026 16:30:00

------------------------------------------
V++ command line :
------------------------------------------
C:/AMDDesignTools/2025.2/Vitis/bin/unwrapped/win64.o/v++.exe -c --mode hls --config C:\02_work\PDC\PDC_Project\des_crypto\hls_config.cfg --work_dir des_crypto 
  Options from -O    : 
  Options from *.ini : 
  Options from Hw Platform : 

==========================================
new:  steps log generated by v++ for new launch 
timestamp: 06 Feb 2026 16:30:52

------------------------------------------
VITIS-RUN command line :
------------------------------------------
C:/AMDDesignTools/2025.2/Vitis/bin/unwrapped/win64.o/vitis-run.exe --mode hls --cosim --config C:\02_work\PDC\PDC_Project\des_crypto\hls_config.cfg --work_dir des_crypto 
  Options from -O    : 
  Options from *.ini : 
  Options from Hw Platform : 

==========================================
new:  steps log generated by v++ for new launch 
timestamp: 06 Feb 2026 16:32:12
