  **** HLS Build v2025.2 6295257
INFO: [HLS 200-2005] Using work_dir C:/02_work/PDC/PDC_Project/des_crypto/des_crypto 
INFO: [HLS 200-2176] Writing Vitis IDE component file C:/02_work/PDC/PDC_Project/des_crypto/des_crypto/vitis-comp.json
INFO: [HLS 200-10] Creating and opening component 'C:/02_work/PDC/PDC_Project/des_crypto/des_crypto'.
INFO: [HLS 200-1505] Using default flow_target 'vivado'
Resolution: For help on HLS 200-1505 see docs.amd.com/access/sources/dita/topic?Doc_Version=2025.2%20English&url=ug1448-hls-guidance&resourceid=200-1505.html
INFO: [HLS 200-2174] Applying component config ini file hls_config.cfg
INFO: [HLS 200-1465] Applying config ini 'syn.file=../des.cpp' from hls_config.cfg(7)
INFO: [HLS 200-10] Adding design file 'C:/02_work/PDC/PDC_Project/des.cpp' to the project
INFO: [HLS 200-1465] Applying config ini 'syn.file=../des.h' from hls_config.cfg(8)
INFO: [HLS 200-10] Adding design file 'C:/02_work/PDC/PDC_Project/des.h' to the project
INFO: [HLS 200-1465] Applying config ini 'tb.file=../des_tb.cpp' from hls_config.cfg(9)
INFO: [HLS 200-10] Adding test bench file 'C:/02_work/PDC/PDC_Project/des_tb.cpp' to the project
INFO: [HLS 200-1465] Applying config ini 'tb.file=../des_tb.h' from hls_config.cfg(10)
INFO: [HLS 200-10] Adding test bench file 'C:/02_work/PDC/PDC_Project/des_tb.h' to the project
INFO: [HLS 200-1465] Applying config ini 'flow_target=vivado' from hls_config.cfg(4)
INFO: [HLS 200-1505] Using flow_target 'vivado'
Resolution: For help on HLS 200-1505 see docs.amd.com/access/sources/dita/topic?Doc_Version=2025.2%20English&url=ug1448-hls-guidance&resourceid=200-1505.html
INFO: [HLS 200-1465] Applying config ini 'part=xc7a100tcsg324-1' from hls_config.cfg(1)
INFO: [HLS 200-1611] Setting target device to 'xc7a100t-csg324-1'
INFO: [HLS 200-1465] Applying config ini 'package.output.format=ip_catalog' from hls_config.cfg(5)
INFO: [HLS 200-2176] Writing Vitis IDE component file C:/02_work/PDC/PDC_Project/des_crypto/des_crypto/vitis-comp.json
INFO: [SIM 211-2] *************** CSIM start ***************
INFO: [HLS 200-2191] C-Simulation will use clang-16 as the compiler
INFO: [HLS 200-2036] Building debug C Simulation binaries
   Compiling ../../../../../des_tb.cpp in debug mode
   Compiling ../../../../../des.cpp in debug mode
   Generating csim.exe
In file included from ../../../../../des_tb.cpp:7:
In file included from ../../../../../des.h:4:
In file included from C:/AMDDesignTools/2025.2/Vitis/include\ap_int.h:10:
In file included from C:/AMDDesignTools/2025.2/Vitis/include\etc/ap_common.h:668:
In file included from C:/AMDDesignTools/2025.2/Vitis/include\etc/ap_private.h:68:
In file included from C:/AMDDesignTools/2025.2/Vitis/include\hls_half.h:26:
In file included from C:/AMDDesignTools/2025.2/Vitis/include/etc/hls_half_fpo.h:19:
In file included from C:/AMDDesignTools/2025.2/Vitis/include\hls_fpo.h:140:
In file included from C:/AMDDesignTools/2025.2/Vitis/include/floating_point_v7_1_bitacc_cmodel.h:150:
C:/AMDDesignTools/2025.2/Vitis/include\gmp.h:58:9: warning: '__GMP_LIBGMP_DLL' macro redefined [-Wmacro-redefined]
#define __GMP_LIBGMP_DLL  0
        ^
C:/AMDDesignTools/2025.2/Vitis/include/floating_point_v7_1_bitacc_cmodel.h:142:9: note: previous definition is here
#define __GMP_LIBGMP_DLL 1
        ^
1 warning generated.
In file included from ../../../../../des.cpp:1:
In file included from ../../../../../des.h:4:
In file included from C:/AMDDesignTools/2025.2/Vitis/include\ap_int.h:10:
In file included from C:/AMDDesignTools/2025.2/Vitis/include\etc/ap_common.h:668:
In file included from C:/AMDDesignTools/2025.2/Vitis/include\etc/ap_private.h:68:
In file included from C:/AMDDesignTools/2025.2/Vitis/include\hls_half.h:26:
In file included from C:/AMDDesignTools/2025.2/Vitis/include/etc/hls_half_fpo.h:19:
In file included from C:/AMDDesignTools/2025.2/Vitis/include\hls_fpo.h:140:
In file included from C:/AMDDesignTools/2025.2/Vitis/include/floating_point_v7_1_bitacc_cmodel.h:150:
C:/AMDDesignTools/2025.2/Vitis/include\gmp.h:58:9: warning: '__GMP_LIBGMP_DLL' macro redefined [-Wmacro-redefined]
#define __GMP_LIBGMP_DLL  0
        ^
C:/AMDDesignTools/2025.2/Vitis/include/floating_point_v7_1_bitacc_cmodel.h:142:9: note: previous definition is here
#define __GMP_LIBGMP_DLL 1
        ^
1 warning generated.
========================================
DES Implementation Testbench
Target: Artix-7 xc7a100tcsg324-1
========================================

--- ENCRYPTION TESTS ---

Test 1: Grabbe example
  Key       : 0x133457799BBCDFF1
  Plaintext : 0x0123456789ABCDEF
  Expected  : 0x85E813540F0AB405
  Got       : 0x85E813540F0AB405
  PASS

Test 2: Zero ciphertext test
  Key       : 0x0E329232EA6D0D73
  Plaintext : 0x8787878787878787
  Expected  : 0x0000000000000000
  Got       : 0x0000000000000000
  PASS

Test 3: Sequential test
  Key       : 0x0001020304050607
  Plaintext : 0x0011223344556677
  Expected  : 0xB5219EE81AA7499D
  Got       : 0x3EF0A891CF8ED990
  *** FAIL ***

Test 4: Classic test vector
  Key       : 0xFEDCBA9876543210
  Plaintext : 0x0123456789ABCDEF
  Expected  : 0xED39D950FA74BCC4
  Got       : 0xED39D950FA74BCC4
  PASS

--- DECRYPTION TESTS ---

Test 1: Grabbe example
  Key       : 0x133457799BBCDFF1
  Ciphertext: 0x85E813540F0AB405
  Expected  : 0x0123456789ABCDEF
  Got       : 0x0123456789ABCDEF
  PASS

Test 2: Zero ciphertext test
  Key       : 0x0E329232EA6D0D73
  Ciphertext: 0x0000000000000000
  Expected  : 0x8787878787878787
  Got       : 0x8787878787878787
  PASS

Test 3: Sequential test
  Key       : 0x0001020304050607
  Ciphertext: 0xB5219EE81AA7499D
  Expected  : 0x0011223344556677
  Got       : 0xE03286D51116AF70
  *** FAIL ***

Test 4: Classic test vector
  Key       : 0xFEDCBA9876543210
  Ciphertext: 0xED39D950FA74BCC4
  Expected  : 0x0123456789ABCDEF
  Got       : 0x0123456789ABCDEF
  PASS

--- ROUND-TRIP TEST ---
  Original  : 0xDEADBEEFCAFEBABE
  Encrypted : 0x3D702272C7C1812B
  Decrypted : 0xDEADBEEFCAFEBABE
  Round-trip PASS

========================================
Results: 7/9 tests passed
*** 2 TESTS FAILED ***
========================================
@E Simulation failed: Function 'main' returns nonzero value '2'.
ERROR: [SIM 211-100] 'csim_design' failed: nonzero return value.
INFO: [SIM 211-3] *************** CSIM finish ***************
ERROR: CSIM Failed
INFO: [HLS 200-112] Total CPU user time: 1 seconds. Total CPU system time: 0 seconds. Total elapsed time: 10.712 seconds; peak allocated memory: 135.797 MB.
