C:\02_work\PDC\PDC_Project\des_crypto\des_crypto\hls\.autopilot\db\des.pp.0.cpp:2258:5: remark: Added loop label VITIS_LOOP_676_1:   [xilinx-label-all-loops]
    for (unsigned i = low; i != high+1; ++i) {
    ^
    VITIS_LOOP_676_1: 
C:\02_work\PDC\PDC_Project\des_crypto\des_crypto\hls\.autopilot\db\des.pp.0.cpp:2258:5: note: FIX-IT applied suggested code changes
C:\02_work\PDC\PDC_Project\des_crypto\des_crypto\hls\.autopilot\db\des.pp.0.cpp:2272:5: remark: Added loop label VITIS_LOOP_690_1:   [xilinx-label-all-loops]
    for (unsigned i = low; i != high+1; ++i) {
    ^
    VITIS_LOOP_690_1: 
C:\02_work\PDC\PDC_Project\des_crypto\des_crypto\hls\.autopilot\db\des.pp.0.cpp:2272:5: note: FIX-IT applied suggested code changes
C:\02_work\PDC\PDC_Project\des_crypto\des_crypto\hls\.autopilot\db\des.pp.0.cpp:2286:5: remark: Added loop label VITIS_LOOP_704_1:   [xilinx-label-all-loops]
    for (unsigned i = low; i != high+1; ++i) {
    ^
    VITIS_LOOP_704_1: 
C:\02_work\PDC\PDC_Project\des_crypto\des_crypto\hls\.autopilot\db\des.pp.0.cpp:2286:5: note: FIX-IT applied suggested code changes
C:\02_work\PDC\PDC_Project\des_crypto\des_crypto\hls\.autopilot\db\des.pp.0.cpp:5806:7: remark: Added loop label VITIS_LOOP_1251_1:   [xilinx-label-all-loops]
      for (i = 0; i < __N - 1; ++i) {
      ^
      VITIS_LOOP_1251_1: 
C:\02_work\PDC\PDC_Project\des_crypto\des_crypto\hls\.autopilot\db\des.pp.0.cpp:5806:7: note: FIX-IT applied suggested code changes
