

================================================================
== Synthesis Summary Report of 'chacha20_kernel'
================================================================
+ General Information: 
    * Date:           Wed Feb  4 17:50:44 2026
    * Version:        2025.2 (Build 6295257 on Nov 14 2025)
    * Project:        chacha20
    * Solution:       hls (Vivado IP Flow Target)
    * Product family: artix7
    * Target device:  xc7a100t-csg324-1
    

* Performance & Resource Estimates: 
+-------------------+------+---------------+----------+---------+------+----------+---------+---------+------+------+----+-------------+-------------+-----+
|      Modules      | Issue|               | Iteration|         | Trip |          |      Latency      |      |      |    |             |             |     |
|      & Loops      | Type | Violation Type|  Latency | Interval| Count| Pipelined| (cycles)|   (ns)  | Slack| BRAM | DSP|      FF     |     LUT     | URAM|
+-------------------+------+---------------+----------+---------+------+----------+---------+---------+------+------+----+-------------+-------------+-----+
|+ chacha20_kernel  |     -|              -|         -|       54|     -|        no|       53|  530.000|  0.90|     -|   -|  24218 (19%)|  25045 (39%)|    -|
+-------------------+------+---------------+----------+---------+------+----------+---------+---------+------+------+----+-------------+-------------+-----+
    Name Prefix: '+' for module, 'o' for loop, '*' for dataflow


================================================================
== HW Interfaces
================================================================
* S_AXILITE Interfaces
+---------------+------------+---------------+--------+----------+
| Interface     | Data Width | Address Width | Offset | Register |
+---------------+------------+---------------+--------+----------+
| s_axi_control | 32         | 9             | 16     | 0        |
+---------------+------------+---------------+--------+----------+

* S_AXILITE Registers
+---------------+-----------------+--------+-------+--------+----------------------------------+----------------------------------------------------------------------+
| Interface     | Register        | Offset | Width | Access | Description                      | Bit Fields                                                           |
+---------------+-----------------+--------+-------+--------+----------------------------------+----------------------------------------------------------------------+
| s_axi_control | CTRL            | 0x00   | 32    | RW     | Control signals                  | 0=AP_START 1=AP_DONE 2=AP_IDLE 3=AP_READY 7=AUTO_RESTART 9=INTERRUPT |
| s_axi_control | GIER            | 0x04   | 32    | RW     | Global Interrupt Enable Register | 0=Enable                                                             |
| s_axi_control | IP_IER          | 0x08   | 32    | RW     | IP Interrupt Enable Register     | 0=CHAN0_INT_EN 1=CHAN1_INT_EN                                        |
| s_axi_control | IP_ISR          | 0x0c   | 32    | RW     | IP Interrupt Status Register     | 0=CHAN0_INT_ST 1=CHAN1_INT_ST                                        |
| s_axi_control | state_0_i       | 0x10   | 32    | W      | Data signal of state_0_i         |                                                                      |
| s_axi_control | state_0_o       | 0x18   | 32    | R      | Data signal of state_0_o         |                                                                      |
| s_axi_control | state_0_o_ctrl  | 0x1c   | 32    | R      | Control signal of state_0_o      | 0=state_0_o_ap_vld                                                   |
| s_axi_control | state_1_i       | 0x20   | 32    | W      | Data signal of state_1_i         |                                                                      |
| s_axi_control | state_1_o       | 0x28   | 32    | R      | Data signal of state_1_o         |                                                                      |
| s_axi_control | state_1_o_ctrl  | 0x2c   | 32    | R      | Control signal of state_1_o      | 0=state_1_o_ap_vld                                                   |
| s_axi_control | state_2_i       | 0x30   | 32    | W      | Data signal of state_2_i         |                                                                      |
| s_axi_control | state_2_o       | 0x38   | 32    | R      | Data signal of state_2_o         |                                                                      |
| s_axi_control | state_2_o_ctrl  | 0x3c   | 32    | R      | Control signal of state_2_o      | 0=state_2_o_ap_vld                                                   |
| s_axi_control | state_3_i       | 0x40   | 32    | W      | Data signal of state_3_i         |                                                                      |
| s_axi_control | state_3_o       | 0x48   | 32    | R      | Data signal of state_3_o         |                                                                      |
| s_axi_control | state_3_o_ctrl  | 0x4c   | 32    | R      | Control signal of state_3_o      | 0=state_3_o_ap_vld                                                   |
| s_axi_control | state_4_i       | 0x50   | 32    | W      | Data signal of state_4_i         |                                                                      |
| s_axi_control | state_4_o       | 0x58   | 32    | R      | Data signal of state_4_o         |                                                                      |
| s_axi_control | state_4_o_ctrl  | 0x5c   | 32    | R      | Control signal of state_4_o      | 0=state_4_o_ap_vld                                                   |
| s_axi_control | state_5_i       | 0x60   | 32    | W      | Data signal of state_5_i         |                                                                      |
| s_axi_control | state_5_o       | 0x68   | 32    | R      | Data signal of state_5_o         |                                                                      |
| s_axi_control | state_5_o_ctrl  | 0x6c   | 32    | R      | Control signal of state_5_o      | 0=state_5_o_ap_vld                                                   |
| s_axi_control | state_6_i       | 0x70   | 32    | W      | Data signal of state_6_i         |                                                                      |
| s_axi_control | state_6_o       | 0x78   | 32    | R      | Data signal of state_6_o         |                                                                      |
| s_axi_control | state_6_o_ctrl  | 0x7c   | 32    | R      | Control signal of state_6_o      | 0=state_6_o_ap_vld                                                   |
| s_axi_control | state_7_i       | 0x80   | 32    | W      | Data signal of state_7_i         |                                                                      |
| s_axi_control | state_7_o       | 0x88   | 32    | R      | Data signal of state_7_o         |                                                                      |
| s_axi_control | state_7_o_ctrl  | 0x8c   | 32    | R      | Control signal of state_7_o      | 0=state_7_o_ap_vld                                                   |
| s_axi_control | state_8_i       | 0x90   | 32    | W      | Data signal of state_8_i         |                                                                      |
| s_axi_control | state_8_o       | 0x98   | 32    | R      | Data signal of state_8_o         |                                                                      |
| s_axi_control | state_8_o_ctrl  | 0x9c   | 32    | R      | Control signal of state_8_o      | 0=state_8_o_ap_vld                                                   |
| s_axi_control | state_9_i       | 0xa0   | 32    | W      | Data signal of state_9_i         |                                                                      |
| s_axi_control | state_9_o       | 0xa8   | 32    | R      | Data signal of state_9_o         |                                                                      |
| s_axi_control | state_9_o_ctrl  | 0xac   | 32    | R      | Control signal of state_9_o      | 0=state_9_o_ap_vld                                                   |
| s_axi_control | state_10_i      | 0xb0   | 32    | W      | Data signal of state_10_i        |                                                                      |
| s_axi_control | state_10_o      | 0xb8   | 32    | R      | Data signal of state_10_o        |                                                                      |
| s_axi_control | state_10_o_ctrl | 0xbc   | 32    | R      | Control signal of state_10_o     | 0=state_10_o_ap_vld                                                  |
| s_axi_control | state_11_i      | 0xc0   | 32    | W      | Data signal of state_11_i        |                                                                      |
| s_axi_control | state_11_o      | 0xc8   | 32    | R      | Data signal of state_11_o        |                                                                      |
| s_axi_control | state_11_o_ctrl | 0xcc   | 32    | R      | Control signal of state_11_o     | 0=state_11_o_ap_vld                                                  |
| s_axi_control | state_12_i      | 0xd0   | 32    | W      | Data signal of state_12_i        |                                                                      |
| s_axi_control | state_12_o      | 0xd8   | 32    | R      | Data signal of state_12_o        |                                                                      |
| s_axi_control | state_12_o_ctrl | 0xdc   | 32    | R      | Control signal of state_12_o     | 0=state_12_o_ap_vld                                                  |
| s_axi_control | state_13_i      | 0xe0   | 32    | W      | Data signal of state_13_i        |                                                                      |
| s_axi_control | state_13_o      | 0xe8   | 32    | R      | Data signal of state_13_o        |                                                                      |
| s_axi_control | state_13_o_ctrl | 0xec   | 32    | R      | Control signal of state_13_o     | 0=state_13_o_ap_vld                                                  |
| s_axi_control | state_14_i      | 0xf0   | 32    | W      | Data signal of state_14_i        |                                                                      |
| s_axi_control | state_14_o      | 0xf8   | 32    | R      | Data signal of state_14_o        |                                                                      |
| s_axi_control | state_14_o_ctrl | 0xfc   | 32    | R      | Control signal of state_14_o     | 0=state_14_o_ap_vld                                                  |
| s_axi_control | state_15_i      | 0x100  | 32    | W      | Data signal of state_15_i        |                                                                      |
| s_axi_control | state_15_o      | 0x108  | 32    | R      | Data signal of state_15_o        |                                                                      |
| s_axi_control | state_15_o_ctrl | 0x10c  | 32    | R      | Control signal of state_15_o     | 0=state_15_o_ap_vld                                                  |
+---------------+-----------------+--------+-------+--------+----------------------------------+----------------------------------------------------------------------+

* TOP LEVEL CONTROL
+-----------+------------+-----------+
| Interface | Type       | Ports     |
+-----------+------------+-----------+
| ap_clk    | clock      | ap_clk    |
| ap_rst_n  | reset      | ap_rst_n  |
| interrupt | interrupt  | interrupt |
| ap_ctrl   | ap_ctrl_hs |           |
+-----------+------------+-----------+


================================================================
== SW I/O Information
================================================================
* Top Function Arguments
+----------+-----------+--------------+
| Argument | Direction | Datatype     |
+----------+-----------+--------------+
| state    | inout     | ap_uint<32>* |
+----------+-----------+--------------+

* SW-to-HW Mapping
+----------+---------------+-----------+
| Argument | HW Interface  | HW Type   |
+----------+---------------+-----------+
| state    | s_axi_control | interface |
| state    | s_axi_control | interface |
| state    | s_axi_control | interface |
| state    | s_axi_control | interface |
| state    | s_axi_control | interface |
| state    | s_axi_control | interface |
| state    | s_axi_control | interface |
| state    | s_axi_control | interface |
| state    | s_axi_control | interface |
| state    | s_axi_control | interface |
| state    | s_axi_control | interface |
| state    | s_axi_control | interface |
| state    | s_axi_control | interface |
| state    | s_axi_control | interface |
| state    | s_axi_control | interface |
| state    | s_axi_control | interface |
+----------+---------------+-----------+


================================================================
== Bind Op Report
================================================================
+---------------------------+-----+--------+-------------+-----+--------+---------+
| Name                      | DSP | Pragma | Variable    | Op  | Impl   | Latency |
+---------------------------+-----+--------+-------------+-----+--------+---------+
| + chacha20_kernel         | 0   |        |             |     |        |         |
|   add_ln8_fu_322_p2       |     |        | add_ln8     | add | fabric | 0       |
|   xor_ln8_fu_394_p2       |     |        | xor_ln8     | xor | auto   | 0       |
|   add_ln9_fu_420_p2       |     |        | add_ln9     | add | fabric | 0       |
|   xor_ln9_fu_425_p2       |     |        | xor_ln9     | xor | auto   | 0       |
|   add_ln10_fu_579_p2      |     |        | add_ln10    | add | fabric | 0       |
|   xor_ln10_fu_584_p2      |     |        | xor_ln10    | xor | auto   | 0       |
|   add_ln11_fu_611_p2      |     |        | add_ln11    | add | fabric | 0       |
|   xor_ln11_fu_759_p2      |     |        | xor_ln11    | xor | auto   | 0       |
|   add_ln8_1_fu_328_p2     |     |        | add_ln8_1   | add | fabric | 0       |
|   xor_ln8_1_fu_334_p2     |     |        | xor_ln8_1   | xor | auto   | 0       |
|   add_ln9_1_fu_450_p2     |     |        | add_ln9_1   | add | fabric | 0       |
|   xor_ln9_1_fu_455_p2     |     |        | xor_ln9_1   | xor | auto   | 0       |
|   add_ln10_1_fu_482_p2    |     |        | add_ln10_1  | add | fabric | 0       |
|   xor_ln10_1_fu_616_p2    |     |        | xor_ln10_1  | xor | auto   | 0       |
|   add_ln11_1_fu_642_p2    |     |        | add_ln11_1  | add | fabric | 0       |
|   xor_ln11_1_fu_647_p2    |     |        | xor_ln11_1  | xor | auto   | 0       |
|   add_ln8_2_fu_354_p2     |     |        | add_ln8_2   | add | fabric | 0       |
|   xor_ln8_2_fu_487_p2     |     |        | xor_ln8_2   | xor | auto   | 0       |
|   add_ln9_2_fu_513_p2     |     |        | add_ln9_2   | add | fabric | 0       |
|   xor_ln9_2_fu_518_p2     |     |        | xor_ln9_2   | xor | auto   | 0       |
|   add_ln10_2_fu_672_p2    |     |        | add_ln10_2  | add | fabric | 0       |
|   xor_ln10_2_fu_677_p2    |     |        | xor_ln10_2  | xor | auto   | 0       |
|   add_ln11_2_fu_704_p2    |     |        | add_ln11_2  | add | fabric | 0       |
|   xor_ln11_2_fu_791_p2    |     |        | xor_ln11_2  | xor | auto   | 0       |
|   add_ln8_3_fu_360_p2     |     |        | add_ln8_3   | add | fabric | 0       |
|   xor_ln8_3_fu_366_p2     |     |        | xor_ln8_3   | xor | auto   | 0       |
|   add_ln9_3_fu_537_p2     |     |        | add_ln9_3   | add | fabric | 0       |
|   xor_ln9_3_fu_541_p2     |     |        | xor_ln9_3   | xor | auto   | 0       |
|   add_ln10_3_fu_568_p2    |     |        | add_ln10_3  | add | fabric | 0       |
|   xor_ln10_3_fu_709_p2    |     |        | xor_ln10_3  | xor | auto   | 0       |
|   add_ln11_3_fu_735_p2    |     |        | add_ln11_3  | add | fabric | 0       |
|   xor_ln11_3_fu_740_p2    |     |        | xor_ln11_3  | xor | auto   | 0       |
|   add_ln8_4_fu_823_p2     |     |        | add_ln8_4   | add | fabric | 0       |
|   xor_ln8_4_fu_828_p2     |     |        | xor_ln8_4   | xor | auto   | 0       |
|   add_ln9_4_fu_855_p2     |     |        | add_ln9_4   | add | fabric | 0       |
|   xor_ln9_4_fu_961_p2     |     |        | xor_ln9_4   | xor | auto   | 0       |
|   add_ln10_4_fu_987_p2    |     |        | add_ln10_4  | add | fabric | 0       |
|   xor_ln10_4_fu_992_p2    |     |        | xor_ln10_4  | xor | auto   | 0       |
|   add_ln11_4_fu_1141_p2   |     |        | add_ln11_4  | add | fabric | 0       |
|   xor_ln11_4_fu_1145_p2   |     |        | xor_ln11_4  | xor | auto   | 0       |
|   add_ln8_5_fu_860_p2     |     |        | add_ln8_5   | add | fabric | 0       |
|   xor_ln8_5_fu_865_p2     |     |        | xor_ln8_5   | xor | auto   | 0       |
|   add_ln9_5_fu_1019_p2    |     |        | add_ln9_5   | add | fabric | 0       |
|   xor_ln9_5_fu_1023_p2    |     |        | xor_ln9_5   | xor | auto   | 0       |
|   add_ln10_5_fu_1050_p2   |     |        | add_ln10_5  | add | fabric | 0       |
|   xor_ln10_5_fu_1172_p2   |     |        | xor_ln10_5  | xor | auto   | 0       |
|   add_ln11_5_fu_1198_p2   |     |        | add_ln11_5  | add | fabric | 0       |
|   xor_ln11_5_fu_1203_p2   |     |        | xor_ln11_5  | xor | auto   | 0       |
|   add_ln8_6_fu_892_p2     |     |        | add_ln8_6   | add | fabric | 0       |
|   xor_ln8_6_fu_897_p2     |     |        | xor_ln8_6   | xor | auto   | 0       |
|   add_ln9_6_fu_924_p2     |     |        | add_ln9_6   | add | fabric | 0       |
|   xor_ln9_6_fu_1055_p2    |     |        | xor_ln9_6   | xor | auto   | 0       |
|   add_ln10_6_fu_1081_p2   |     |        | add_ln10_6  | add | fabric | 0       |
|   xor_ln10_6_fu_1086_p2   |     |        | xor_ln10_6  | xor | auto   | 0       |
|   add_ln11_6_fu_1228_p2   |     |        | add_ln11_6  | add | fabric | 0       |
|   xor_ln11_6_fu_1233_p2   |     |        | xor_ln11_6  | xor | auto   | 0       |
|   add_ln8_7_fu_929_p2     |     |        | add_ln8_7   | add | fabric | 0       |
|   xor_ln8_7_fu_934_p2     |     |        | xor_ln8_7   | xor | auto   | 0       |
|   add_ln9_7_fu_1105_p2    |     |        | add_ln9_7   | add | fabric | 0       |
|   xor_ln9_7_fu_1109_p2    |     |        | xor_ln9_7   | xor | auto   | 0       |
|   add_ln10_7_fu_1136_p2   |     |        | add_ln10_7  | add | fabric | 0       |
|   xor_ln10_7_fu_1260_p2   |     |        | xor_ln10_7  | xor | auto   | 0       |
|   add_ln11_7_fu_1286_p2   |     |        | add_ln11_7  | add | fabric | 0       |
|   xor_ln11_7_fu_1291_p2   |     |        | xor_ln11_7  | xor | auto   | 0       |
|   add_ln8_8_fu_1332_p2    |     |        | add_ln8_8   | add | fabric | 0       |
|   xor_ln8_8_fu_1337_p2    |     |        | xor_ln8_8   | xor | auto   | 0       |
|   add_ln9_8_fu_1364_p2    |     |        | add_ln9_8   | add | fabric | 0       |
|   xor_ln9_8_fu_1506_p2    |     |        | xor_ln9_8   | xor | auto   | 0       |
|   add_ln10_8_fu_1532_p2   |     |        | add_ln10_8  | add | fabric | 0       |
|   xor_ln10_8_fu_1537_p2   |     |        | xor_ln10_8  | xor | auto   | 0       |
|   add_ln11_8_fu_1700_p2   |     |        | add_ln11_8  | add | fabric | 0       |
|   xor_ln11_8_fu_1704_p2   |     |        | xor_ln11_8  | xor | auto   | 0       |
|   add_ln8_9_fu_1310_p2    |     |        | add_ln8_9   | add | fabric | 0       |
|   xor_ln8_9_fu_1369_p2    |     |        | xor_ln8_9   | xor | auto   | 0       |
|   add_ln9_9_fu_1395_p2    |     |        | add_ln9_9   | add | fabric | 0       |
|   xor_ln9_9_fu_1400_p2    |     |        | xor_ln9_9   | xor | auto   | 0       |
|   add_ln10_9_fu_1570_p2   |     |        | add_ln10_9  | add | fabric | 0       |
|   xor_ln10_9_fu_1575_p2   |     |        | xor_ln10_9  | xor | auto   | 0       |
|   add_ln11_9_fu_1602_p2   |     |        | add_ln11_9  | add | fabric | 0       |
|   xor_ln11_9_fu_1731_p2   |     |        | xor_ln11_9  | xor | auto   | 0       |
|   add_ln8_10_fu_1419_p2   |     |        | add_ln8_10  | add | fabric | 0       |
|   xor_ln8_10_fu_1424_p2   |     |        | xor_ln8_10  | xor | auto   | 0       |
|   add_ln9_10_fu_1451_p2   |     |        | add_ln9_10  | add | fabric | 0       |
|   xor_ln9_10_fu_1607_p2   |     |        | xor_ln9_10  | xor | auto   | 0       |
|   add_ln10_10_fu_1633_p2  |     |        | add_ln10_10 | add | fabric | 0       |
|   xor_ln10_10_fu_1638_p2  |     |        | xor_ln10_10 | xor | auto   | 0       |
|   add_ln11_10_fu_1763_p2  |     |        | add_ln11_10 | add | fabric | 0       |
|   xor_ln11_10_fu_1768_p2  |     |        | xor_ln11_10 | xor | auto   | 0       |
|   add_ln8_11_fu_1315_p2   |     |        | add_ln8_11  | add | fabric | 0       |
|   xor_ln8_11_fu_1456_p2   |     |        | xor_ln8_11  | xor | auto   | 0       |
|   add_ln9_11_fu_1482_p2   |     |        | add_ln9_11  | add | fabric | 0       |
|   xor_ln9_11_fu_1487_p2   |     |        | xor_ln9_11  | xor | auto   | 0       |
|   add_ln10_11_fu_1663_p2  |     |        | add_ln10_11 | add | fabric | 0       |
|   xor_ln10_11_fu_1668_p2  |     |        | xor_ln10_11 | xor | auto   | 0       |
|   add_ln11_11_fu_1695_p2  |     |        | add_ln11_11 | add | fabric | 0       |
|   xor_ln11_11_fu_1795_p2  |     |        | xor_ln11_11 | xor | auto   | 0       |
|   add_ln8_12_fu_1821_p2   |     |        | add_ln8_12  | add | fabric | 0       |
|   xor_ln8_12_fu_1826_p2   |     |        | xor_ln8_12  | xor | auto   | 0       |
|   add_ln9_12_fu_1885_p2   |     |        | add_ln9_12  | add | fabric | 0       |
|   xor_ln9_12_fu_1890_p2   |     |        | xor_ln9_12  | xor | auto   | 0       |
|   add_ln10_12_fu_1917_p2  |     |        | add_ln10_12 | add | fabric | 0       |
|   xor_ln10_12_fu_2073_p2  |     |        | xor_ln10_12 | xor | auto   | 0       |
|   add_ln11_12_fu_2099_p2  |     |        | add_ln11_12 | add | fabric | 0       |
|   xor_ln11_12_fu_2104_p2  |     |        | xor_ln11_12 | xor | auto   | 0       |
|   add_ln8_13_fu_1845_p2   |     |        | add_ln8_13  | add | fabric | 0       |
|   xor_ln8_13_fu_1922_p2   |     |        | xor_ln8_13  | xor | auto   | 0       |
|   add_ln9_13_fu_1948_p2   |     |        | add_ln9_13  | add | fabric | 0       |
|   xor_ln9_13_fu_1953_p2   |     |        | xor_ln9_13  | xor | auto   | 0       |
|   add_ln10_13_fu_2129_p2  |     |        | add_ln10_13 | add | fabric | 0       |
|   xor_ln10_13_fu_2134_p2  |     |        | xor_ln10_13 | xor | auto   | 0       |
|   add_ln11_13_fu_2161_p2  |     |        | add_ln11_13 | add | fabric | 0       |
|   xor_ln11_13_fu_2266_p2  |     |        | xor_ln11_13 | xor | auto   | 0       |
|   add_ln8_14_fu_1850_p2   |     |        | add_ln8_14  | add | fabric | 0       |
|   xor_ln8_14_fu_1855_p2   |     |        | xor_ln8_14  | xor | auto   | 0       |
|   add_ln9_14_fu_1978_p2   |     |        | add_ln9_14  | add | fabric | 0       |
|   xor_ln9_14_fu_1983_p2   |     |        | xor_ln9_14  | xor | auto   | 0       |
|   add_ln10_14_fu_2010_p2  |     |        | add_ln10_14 | add | fabric | 0       |
|   xor_ln10_14_fu_2166_p2  |     |        | xor_ln10_14 | xor | auto   | 0       |
|   add_ln11_14_fu_2192_p2  |     |        | add_ln11_14 | add | fabric | 0       |
|   xor_ln11_14_fu_2197_p2  |     |        | xor_ln11_14 | xor | auto   | 0       |
|   add_ln8_15_fu_1874_p2   |     |        | add_ln8_15  | add | fabric | 0       |
|   xor_ln8_15_fu_2015_p2   |     |        | xor_ln8_15  | xor | auto   | 0       |
|   add_ln9_15_fu_2041_p2   |     |        | add_ln9_15  | add | fabric | 0       |
|   xor_ln9_15_fu_2046_p2   |     |        | xor_ln9_15  | xor | auto   | 0       |
|   add_ln10_15_fu_2224_p2  |     |        | add_ln10_15 | add | fabric | 0       |
|   xor_ln10_15_fu_2228_p2  |     |        | xor_ln10_15 | xor | auto   | 0       |
|   add_ln11_15_fu_2255_p2  |     |        | add_ln11_15 | add | fabric | 0       |
|   xor_ln11_15_fu_2292_p2  |     |        | xor_ln11_15 | xor | auto   | 0       |
|   add_ln8_16_fu_2318_p2   |     |        | add_ln8_16  | add | fabric | 0       |
|   xor_ln8_16_fu_2323_p2   |     |        | xor_ln8_16  | xor | auto   | 0       |
|   add_ln9_16_fu_2445_p2   |     |        | add_ln9_16  | add | fabric | 0       |
|   xor_ln9_16_fu_2450_p2   |     |        | xor_ln9_16  | xor | auto   | 0       |
|   add_ln10_16_fu_2477_p2  |     |        | add_ln10_16 | add | fabric | 0       |
|   xor_ln10_16_fu_2633_p2  |     |        | xor_ln10_16 | xor | auto   | 0       |
|   add_ln11_16_fu_2659_p2  |     |        | add_ln11_16 | add | fabric | 0       |
|   xor_ln11_16_fu_2664_p2  |     |        | xor_ln11_16 | xor | auto   | 0       |
|   add_ln8_17_fu_2342_p2   |     |        | add_ln8_17  | add | fabric | 0       |
|   xor_ln8_17_fu_2347_p2   |     |        | xor_ln8_17  | xor | auto   | 0       |
|   add_ln9_17_fu_2374_p2   |     |        | add_ln9_17  | add | fabric | 0       |
|   xor_ln9_17_fu_2482_p2   |     |        | xor_ln9_17  | xor | auto   | 0       |
|   add_ln10_17_fu_2508_p2  |     |        | add_ln10_17 | add | fabric | 0       |
|   xor_ln10_17_fu_2513_p2  |     |        | xor_ln10_17 | xor | auto   | 0       |
|   add_ln11_17_fu_2683_p2  |     |        | add_ln11_17 | add | fabric | 0       |
|   xor_ln11_17_fu_2687_p2  |     |        | xor_ln11_17 | xor | auto   | 0       |
|   add_ln8_18_fu_2379_p2   |     |        | add_ln8_18  | add | fabric | 0       |
|   xor_ln8_18_fu_2384_p2   |     |        | xor_ln8_18  | xor | auto   | 0       |
|   add_ln9_18_fu_2546_p2   |     |        | add_ln9_18  | add | fabric | 0       |
|   xor_ln9_18_fu_2551_p2   |     |        | xor_ln9_18  | xor | auto   | 0       |
|   add_ln10_18_fu_2578_p2  |     |        | add_ln10_18 | add | fabric | 0       |
|   xor_ln10_18_fu_2714_p2  |     |        | xor_ln10_18 | xor | auto   | 0       |
|   add_ln11_18_fu_2740_p2  |     |        | add_ln11_18 | add | fabric | 0       |
|   xor_ln11_18_fu_2745_p2  |     |        | xor_ln11_18 | xor | auto   | 0       |
|   add_ln8_19_fu_2403_p2   |     |        | add_ln8_19  | add | fabric | 0       |
|   xor_ln8_19_fu_2407_p2   |     |        | xor_ln8_19  | xor | auto   | 0       |
|   add_ln9_19_fu_2434_p2   |     |        | add_ln9_19  | add | fabric | 0       |
|   xor_ln9_19_fu_2583_p2   |     |        | xor_ln9_19  | xor | auto   | 0       |
|   add_ln10_19_fu_2609_p2  |     |        | add_ln10_19 | add | fabric | 0       |
|   xor_ln10_19_fu_2614_p2  |     |        | xor_ln10_19 | xor | auto   | 0       |
|   add_ln11_19_fu_2770_p2  |     |        | add_ln11_19 | add | fabric | 0       |
|   xor_ln11_19_fu_2775_p2  |     |        | xor_ln11_19 | xor | auto   | 0       |
|   add_ln8_20_fu_2802_p2   |     |        | add_ln8_20  | add | fabric | 0       |
|   xor_ln8_20_fu_2824_p2   |     |        | xor_ln8_20  | xor | auto   | 0       |
|   add_ln9_20_fu_2850_p2   |     |        | add_ln9_20  | add | fabric | 0       |
|   xor_ln9_20_fu_2855_p2   |     |        | xor_ln9_20  | xor | auto   | 0       |
|   add_ln10_20_fu_3004_p2  |     |        | add_ln10_20 | add | fabric | 0       |
|   xor_ln10_20_fu_3009_p2  |     |        | xor_ln10_20 | xor | auto   | 0       |
|   add_ln11_20_fu_3036_p2  |     |        | add_ln11_20 | add | fabric | 0       |
|   xor_ln11_20_fu_3192_p2  |     |        | xor_ln11_20 | xor | auto   | 0       |
|   add_ln8_21_fu_2874_p2   |     |        | add_ln8_21  | add | fabric | 0       |
|   xor_ln8_21_fu_2879_p2   |     |        | xor_ln8_21  | xor | auto   | 0       |
|   add_ln9_21_fu_2906_p2   |     |        | add_ln9_21  | add | fabric | 0       |
|   xor_ln9_21_fu_3041_p2   |     |        | xor_ln9_21  | xor | auto   | 0       |
|   add_ln10_21_fu_3067_p2  |     |        | add_ln10_21 | add | fabric | 0       |
|   xor_ln10_21_fu_3072_p2  |     |        | xor_ln10_21 | xor | auto   | 0       |
|   add_ln11_21_fu_3218_p2  |     |        | add_ln11_21 | add | fabric | 0       |
|   xor_ln11_21_fu_3222_p2  |     |        | xor_ln11_21 | xor | auto   | 0       |
|   add_ln8_22_fu_2807_p2   |     |        | add_ln8_22  | add | fabric | 0       |
|   xor_ln8_22_fu_2911_p2   |     |        | xor_ln8_22  | xor | auto   | 0       |
|   add_ln9_22_fu_2937_p2   |     |        | add_ln9_22  | add | fabric | 0       |
|   xor_ln9_22_fu_2942_p2   |     |        | xor_ln9_22  | xor | auto   | 0       |
|   add_ln10_22_fu_3105_p2  |     |        | add_ln10_22 | add | fabric | 0       |
|   xor_ln10_22_fu_3110_p2  |     |        | xor_ln10_22 | xor | auto   | 0       |
|   add_ln11_22_fu_3137_p2  |     |        | add_ln11_22 | add | fabric | 0       |
|   xor_ln11_22_fu_3249_p2  |     |        | xor_ln11_22 | xor | auto   | 0       |
|   add_ln8_23_fu_2961_p2   |     |        | add_ln8_23  | add | fabric | 0       |
|   xor_ln8_23_fu_2966_p2   |     |        | xor_ln8_23  | xor | auto   | 0       |
|   add_ln9_23_fu_2993_p2   |     |        | add_ln9_23  | add | fabric | 0       |
|   xor_ln9_23_fu_3142_p2   |     |        | xor_ln9_23  | xor | auto   | 0       |
|   add_ln10_23_fu_3168_p2  |     |        | add_ln10_23 | add | fabric | 0       |
|   xor_ln10_23_fu_3173_p2  |     |        | xor_ln10_23 | xor | auto   | 0       |
|   add_ln11_23_fu_3281_p2  |     |        | add_ln11_23 | add | fabric | 0       |
|   xor_ln11_23_fu_3286_p2  |     |        | xor_ln11_23 | xor | auto   | 0       |
|   add_ln8_24_fu_3313_p2   |     |        | add_ln8_24  | add | fabric | 0       |
|   xor_ln8_24_fu_3371_p2   |     |        | xor_ln8_24  | xor | auto   | 0       |
|   add_ln9_24_fu_3397_p2   |     |        | add_ln9_24  | add | fabric | 0       |
|   xor_ln9_24_fu_3402_p2   |     |        | xor_ln9_24  | xor | auto   | 0       |
|   add_ln10_24_fu_3565_p2  |     |        | add_ln10_24 | add | fabric | 0       |
|   xor_ln10_24_fu_3569_p2  |     |        | xor_ln10_24 | xor | auto   | 0       |
|   add_ln11_24_fu_3596_p2  |     |        | add_ln11_24 | add | fabric | 0       |
|   xor_ln11_24_fu_3752_p2  |     |        | xor_ln11_24 | xor | auto   | 0       |
|   add_ln8_25_fu_3318_p2   |     |        | add_ln8_25  | add | fabric | 0       |
|   xor_ln8_25_fu_3323_p2   |     |        | xor_ln8_25  | xor | auto   | 0       |
|   add_ln9_25_fu_3435_p2   |     |        | add_ln9_25  | add | fabric | 0       |
|   xor_ln9_25_fu_3440_p2   |     |        | xor_ln9_25  | xor | auto   | 0       |
|   add_ln10_25_fu_3467_p2  |     |        | add_ln10_25 | add | fabric | 0       |
|   xor_ln10_25_fu_3601_p2  |     |        | xor_ln10_25 | xor | auto   | 0       |
|   add_ln11_25_fu_3627_p2  |     |        | add_ln11_25 | add | fabric | 0       |
|   xor_ln11_25_fu_3632_p2  |     |        | xor_ln11_25 | xor | auto   | 0       |
|   add_ln8_26_fu_3342_p2   |     |        | add_ln8_26  | add | fabric | 0       |
|   xor_ln8_26_fu_3472_p2   |     |        | xor_ln8_26  | xor | auto   | 0       |
|   add_ln9_26_fu_3498_p2   |     |        | add_ln9_26  | add | fabric | 0       |
|   xor_ln9_26_fu_3503_p2   |     |        | xor_ln9_26  | xor | auto   | 0       |
|   add_ln10_26_fu_3665_p2  |     |        | add_ln10_26 | add | fabric | 0       |
|   xor_ln10_26_fu_3670_p2  |     |        | xor_ln10_26 | xor | auto   | 0       |
|   add_ln11_26_fu_3697_p2  |     |        | add_ln11_26 | add | fabric | 0       |
|   xor_ln11_26_fu_3778_p2  |     |        | xor_ln11_26 | xor | auto   | 0       |
|   add_ln8_27_fu_3347_p2   |     |        | add_ln8_27  | add | fabric | 0       |
|   xor_ln8_27_fu_3352_p2   |     |        | xor_ln8_27  | xor | auto   | 0       |
|   add_ln9_27_fu_3528_p2   |     |        | add_ln9_27  | add | fabric | 0       |
|   xor_ln9_27_fu_3533_p2   |     |        | xor_ln9_27  | xor | auto   | 0       |
|   add_ln10_27_fu_3560_p2  |     |        | add_ln10_27 | add | fabric | 0       |
|   xor_ln10_27_fu_3702_p2  |     |        | xor_ln10_27 | xor | auto   | 0       |
|   add_ln11_27_fu_3728_p2  |     |        | add_ln11_27 | add | fabric | 0       |
|   xor_ln11_27_fu_3733_p2  |     |        | xor_ln11_27 | xor | auto   | 0       |
|   add_ln8_28_fu_3810_p2   |     |        | add_ln8_28  | add | fabric | 0       |
|   xor_ln8_28_fu_3814_p2   |     |        | xor_ln8_28  | xor | auto   | 0       |
|   add_ln9_28_fu_3841_p2   |     |        | add_ln9_28  | add | fabric | 0       |
|   xor_ln9_28_fu_3931_p2   |     |        | xor_ln9_28  | xor | auto   | 0       |
|   add_ln10_28_fu_3957_p2  |     |        | add_ln10_28 | add | fabric | 0       |
|   xor_ln10_28_fu_3962_p2  |     |        | xor_ln10_28 | xor | auto   | 0       |
|   add_ln11_28_fu_4125_p2  |     |        | add_ln11_28 | add | fabric | 0       |
|   xor_ln11_28_fu_4129_p2  |     |        | xor_ln11_28 | xor | auto   | 0       |
|   add_ln8_29_fu_3846_p2   |     |        | add_ln8_29  | add | fabric | 0       |
|   xor_ln8_29_fu_3851_p2   |     |        | xor_ln8_29  | xor | auto   | 0       |
|   add_ln9_29_fu_3995_p2   |     |        | add_ln9_29  | add | fabric | 0       |
|   xor_ln9_29_fu_4000_p2   |     |        | xor_ln9_29  | xor | auto   | 0       |
|   add_ln10_29_fu_4027_p2  |     |        | add_ln10_29 | add | fabric | 0       |
|   xor_ln10_29_fu_4156_p2  |     |        | xor_ln10_29 | xor | auto   | 0       |
|   add_ln11_29_fu_4182_p2  |     |        | add_ln11_29 | add | fabric | 0       |
|   xor_ln11_29_fu_4187_p2  |     |        | xor_ln11_29 | xor | auto   | 0       |
|   add_ln8_30_fu_3870_p2   |     |        | add_ln8_30  | add | fabric | 0       |
|   xor_ln8_30_fu_3875_p2   |     |        | xor_ln8_30  | xor | auto   | 0       |
|   add_ln9_30_fu_3902_p2   |     |        | add_ln9_30  | add | fabric | 0       |
|   xor_ln9_30_fu_4032_p2   |     |        | xor_ln9_30  | xor | auto   | 0       |
|   add_ln10_30_fu_4058_p2  |     |        | add_ln10_30 | add | fabric | 0       |
|   xor_ln10_30_fu_4063_p2  |     |        | xor_ln10_30 | xor | auto   | 0       |
|   add_ln11_30_fu_4212_p2  |     |        | add_ln11_30 | add | fabric | 0       |
|   xor_ln11_30_fu_4217_p2  |     |        | xor_ln11_30 | xor | auto   | 0       |
|   add_ln8_31_fu_3907_p2   |     |        | add_ln8_31  | add | fabric | 0       |
|   xor_ln8_31_fu_3912_p2   |     |        | xor_ln8_31  | xor | auto   | 0       |
|   add_ln9_31_fu_4088_p2   |     |        | add_ln9_31  | add | fabric | 0       |
|   xor_ln9_31_fu_4093_p2   |     |        | xor_ln9_31  | xor | auto   | 0       |
|   add_ln10_31_fu_4120_p2  |     |        | add_ln10_31 | add | fabric | 0       |
|   xor_ln10_31_fu_4244_p2  |     |        | xor_ln10_31 | xor | auto   | 0       |
|   add_ln11_31_fu_4270_p2  |     |        | add_ln11_31 | add | fabric | 0       |
|   xor_ln11_31_fu_4275_p2  |     |        | xor_ln11_31 | xor | auto   | 0       |
|   add_ln8_32_fu_4316_p2   |     |        | add_ln8_32  | add | fabric | 0       |
|   xor_ln8_32_fu_4321_p2   |     |        | xor_ln8_32  | xor | auto   | 0       |
|   add_ln9_32_fu_4348_p2   |     |        | add_ln9_32  | add | fabric | 0       |
|   xor_ln9_32_fu_4506_p2   |     |        | xor_ln9_32  | xor | auto   | 0       |
|   add_ln10_32_fu_4532_p2  |     |        | add_ln10_32 | add | fabric | 0       |
|   xor_ln10_32_fu_4537_p2  |     |        | xor_ln10_32 | xor | auto   | 0       |
|   add_ln11_32_fu_4684_p2  |     |        | add_ln11_32 | add | fabric | 0       |
|   xor_ln11_32_fu_4689_p2  |     |        | xor_ln11_32 | xor | auto   | 0       |
|   add_ln8_33_fu_4294_p2   |     |        | add_ln8_33  | add | fabric | 0       |
|   xor_ln8_33_fu_4353_p2   |     |        | xor_ln8_33  | xor | auto   | 0       |
|   add_ln9_33_fu_4379_p2   |     |        | add_ln9_33  | add | fabric | 0       |
|   xor_ln9_33_fu_4384_p2   |     |        | xor_ln9_33  | xor | auto   | 0       |
|   add_ln10_33_fu_4556_p2  |     |        | add_ln10_33 | add | fabric | 0       |
|   xor_ln10_33_fu_4560_p2  |     |        | xor_ln10_33 | xor | auto   | 0       |
|   add_ln11_33_fu_4587_p2  |     |        | add_ln11_33 | add | fabric | 0       |
|   xor_ln11_33_fu_4716_p2  |     |        | xor_ln11_33 | xor | auto   | 0       |
|   add_ln8_34_fu_4411_p2   |     |        | add_ln8_34  | add | fabric | 0       |
|   xor_ln8_34_fu_4416_p2   |     |        | xor_ln8_34  | xor | auto   | 0       |
|   add_ln9_34_fu_4443_p2   |     |        | add_ln9_34  | add | fabric | 0       |
|   xor_ln9_34_fu_4592_p2   |     |        | xor_ln9_34  | xor | auto   | 0       |
|   add_ln10_34_fu_4618_p2  |     |        | add_ln10_34 | add | fabric | 0       |
|   xor_ln10_34_fu_4623_p2  |     |        | xor_ln10_34 | xor | auto   | 0       |
|   add_ln11_34_fu_4748_p2  |     |        | add_ln11_34 | add | fabric | 0       |
|   xor_ln11_34_fu_4753_p2  |     |        | xor_ln11_34 | xor | auto   | 0       |
|   add_ln8_35_fu_4299_p2   |     |        | add_ln8_35  | add | fabric | 0       |
|   xor_ln8_35_fu_4448_p2   |     |        | xor_ln8_35  | xor | auto   | 0       |
|   add_ln9_35_fu_4474_p2   |     |        | add_ln9_35  | add | fabric | 0       |
|   xor_ln9_35_fu_4479_p2   |     |        | xor_ln9_35  | xor | auto   | 0       |
|   add_ln10_35_fu_4642_p2  |     |        | add_ln10_35 | add | fabric | 0       |
|   xor_ln10_35_fu_4646_p2  |     |        | xor_ln10_35 | xor | auto   | 0       |
|   add_ln11_35_fu_4673_p2  |     |        | add_ln11_35 | add | fabric | 0       |
|   xor_ln11_35_fu_4780_p2  |     |        | xor_ln11_35 | xor | auto   | 0       |
|   add_ln8_36_fu_4806_p2   |     |        | add_ln8_36  | add | fabric | 0       |
|   xor_ln8_36_fu_4811_p2   |     |        | xor_ln8_36  | xor | auto   | 0       |
|   add_ln9_36_fu_4870_p2   |     |        | add_ln9_36  | add | fabric | 0       |
|   xor_ln9_36_fu_4875_p2   |     |        | xor_ln9_36  | xor | auto   | 0       |
|   add_ln10_36_fu_4902_p2  |     |        | add_ln10_36 | add | fabric | 0       |
|   xor_ln10_36_fu_5050_p2  |     |        | xor_ln10_36 | xor | auto   | 0       |
|   add_ln11_36_fu_5076_p2  |     |        | add_ln11_36 | add | fabric | 0       |
|   xor_ln11_36_fu_5081_p2  |     |        | xor_ln11_36 | xor | auto   | 0       |
|   add_ln8_37_fu_4830_p2   |     |        | add_ln8_37  | add | fabric | 0       |
|   xor_ln8_37_fu_4907_p2   |     |        | xor_ln8_37  | xor | auto   | 0       |
|   add_ln9_37_fu_4933_p2   |     |        | add_ln9_37  | add | fabric | 0       |
|   xor_ln9_37_fu_4938_p2   |     |        | xor_ln9_37  | xor | auto   | 0       |
|   add_ln10_37_fu_5106_p2  |     |        | add_ln10_37 | add | fabric | 0       |
|   xor_ln10_37_fu_5111_p2  |     |        | xor_ln10_37 | xor | auto   | 0       |
|   add_ln11_37_fu_5138_p2  |     |        | add_ln11_37 | add | fabric | 0       |
|   xor_ln11_37_fu_5242_p2  |     |        | xor_ln11_37 | xor | auto   | 0       |
|   add_ln8_38_fu_4835_p2   |     |        | add_ln8_38  | add | fabric | 0       |
|   xor_ln8_38_fu_4840_p2   |     |        | xor_ln8_38  | xor | auto   | 0       |
|   add_ln9_38_fu_4963_p2   |     |        | add_ln9_38  | add | fabric | 0       |
|   xor_ln9_38_fu_4968_p2   |     |        | xor_ln9_38  | xor | auto   | 0       |
|   add_ln10_38_fu_4995_p2  |     |        | add_ln10_38 | add | fabric | 0       |
|   xor_ln10_38_fu_5143_p2  |     |        | xor_ln10_38 | xor | auto   | 0       |
|   add_ln11_38_fu_5169_p2  |     |        | add_ln11_38 | add | fabric | 0       |
|   xor_ln11_38_fu_5174_p2  |     |        | xor_ln11_38 | xor | auto   | 0       |
|   add_ln8_39_fu_4859_p2   |     |        | add_ln8_39  | add | fabric | 0       |
|   xor_ln8_39_fu_5000_p2   |     |        | xor_ln8_39  | xor | auto   | 0       |
|   add_ln9_39_fu_5026_p2   |     |        | add_ln9_39  | add | fabric | 0       |
|   xor_ln9_39_fu_5031_p2   |     |        | xor_ln9_39  | xor | auto   | 0       |
|   add_ln10_39_fu_5199_p2  |     |        | add_ln10_39 | add | fabric | 0       |
|   xor_ln10_39_fu_5204_p2  |     |        | xor_ln10_39 | xor | auto   | 0       |
|   add_ln11_39_fu_5231_p2  |     |        | add_ln11_39 | add | fabric | 0       |
|   xor_ln11_39_fu_5274_p2  |     |        | xor_ln11_39 | xor | auto   | 0       |
|   add_ln8_40_fu_5300_p2   |     |        | add_ln8_40  | add | fabric | 0       |
|   xor_ln8_40_fu_5305_p2   |     |        | xor_ln8_40  | xor | auto   | 0       |
|   add_ln9_40_fu_5438_p2   |     |        | add_ln9_40  | add | fabric | 0       |
|   xor_ln9_40_fu_5442_p2   |     |        | xor_ln9_40  | xor | auto   | 0       |
|   add_ln10_40_fu_5469_p2  |     |        | add_ln10_40 | add | fabric | 0       |
|   xor_ln10_40_fu_5626_p2  |     |        | xor_ln10_40 | xor | auto   | 0       |
|   add_ln11_40_fu_5652_p2  |     |        | add_ln11_40 | add | fabric | 0       |
|   xor_ln11_40_fu_5657_p2  |     |        | xor_ln11_40 | xor | auto   | 0       |
|   add_ln8_41_fu_5332_p2   |     |        | add_ln8_41  | add | fabric | 0       |
|   xor_ln8_41_fu_5337_p2   |     |        | xor_ln8_41  | xor | auto   | 0       |
|   add_ln9_41_fu_5364_p2   |     |        | add_ln9_41  | add | fabric | 0       |
|   xor_ln9_41_fu_5474_p2   |     |        | xor_ln9_41  | xor | auto   | 0       |
|   add_ln10_41_fu_5500_p2  |     |        | add_ln10_41 | add | fabric | 0       |
|   xor_ln10_41_fu_5505_p2  |     |        | xor_ln10_41 | xor | auto   | 0       |
|   add_ln11_41_fu_5676_p2  |     |        | add_ln11_41 | add | fabric | 0       |
|   xor_ln11_41_fu_5680_p2  |     |        | xor_ln11_41 | xor | auto   | 0       |
|   add_ln8_42_fu_5369_p2   |     |        | add_ln8_42  | add | fabric | 0       |
|   xor_ln8_42_fu_5374_p2   |     |        | xor_ln8_42  | xor | auto   | 0       |
|   add_ln9_42_fu_5532_p2   |     |        | add_ln9_42  | add | fabric | 0       |
|   xor_ln9_42_fu_5536_p2   |     |        | xor_ln9_42  | xor | auto   | 0       |
|   add_ln10_42_fu_5563_p2  |     |        | add_ln10_42 | add | fabric | 0       |
|   xor_ln10_42_fu_5707_p2  |     |        | xor_ln10_42 | xor | auto   | 0       |
|   add_ln11_42_fu_5733_p2  |     |        | add_ln11_42 | add | fabric | 0       |
|   xor_ln11_42_fu_5738_p2  |     |        | xor_ln11_42 | xor | auto   | 0       |
|   add_ln8_43_fu_5401_p2   |     |        | add_ln8_43  | add | fabric | 0       |
|   xor_ln8_43_fu_5406_p2   |     |        | xor_ln8_43  | xor | auto   | 0       |
|   add_ln9_43_fu_5433_p2   |     |        | add_ln9_43  | add | fabric | 0       |
|   xor_ln9_43_fu_5568_p2   |     |        | xor_ln9_43  | xor | auto   | 0       |
|   add_ln10_43_fu_5594_p2  |     |        | add_ln10_43 | add | fabric | 0       |
|   xor_ln10_43_fu_5599_p2  |     |        | xor_ln10_43 | xor | auto   | 0       |
|   add_ln11_43_fu_5757_p2  |     |        | add_ln11_43 | add | fabric | 0       |
|   xor_ln11_43_fu_5761_p2  |     |        | xor_ln11_43 | xor | auto   | 0       |
|   add_ln8_44_fu_5788_p2   |     |        | add_ln8_44  | add | fabric | 0       |
|   xor_ln8_44_fu_5810_p2   |     |        | xor_ln8_44  | xor | auto   | 0       |
|   add_ln9_44_fu_5836_p2   |     |        | add_ln9_44  | add | fabric | 0       |
|   xor_ln9_44_fu_5841_p2   |     |        | xor_ln9_44  | xor | auto   | 0       |
|   add_ln10_44_fu_5992_p2  |     |        | add_ln10_44 | add | fabric | 0       |
|   xor_ln10_44_fu_5996_p2  |     |        | xor_ln10_44 | xor | auto   | 0       |
|   add_ln11_44_fu_6172_p2  |     |        | add_ln11_44 | add | fabric | 0       |
|   xor_ln11_44_fu_6177_p2  |     |        | xor_ln11_44 | xor | auto   | 0       |
|   add_ln8_45_fu_5868_p2   |     |        | add_ln8_45  | add | fabric | 0       |
|   xor_ln8_45_fu_5873_p2   |     |        | xor_ln8_45  | xor | auto   | 0       |
|   add_ln9_45_fu_5900_p2   |     |        | add_ln9_45  | add | fabric | 0       |
|   xor_ln9_45_fu_6015_p2   |     |        | xor_ln9_45  | xor | auto   | 0       |
|   add_ln10_45_fu_6041_p2  |     |        | add_ln10_45 | add | fabric | 0       |
|   xor_ln10_45_fu_6046_p2  |     |        | xor_ln10_45 | xor | auto   | 0       |
|   add_ln11_45_fu_6210_p2  |     |        | add_ln11_45 | add | fabric | 0       |
|   xor_ln11_45_fu_6215_p2  |     |        | xor_ln11_45 | xor | auto   | 0       |
|   add_ln8_46_fu_5793_p2   |     |        | add_ln8_46  | add | fabric | 0       |
|   xor_ln8_46_fu_5905_p2   |     |        | xor_ln8_46  | xor | auto   | 0       |
|   add_ln9_46_fu_5931_p2   |     |        | add_ln9_46  | add | fabric | 0       |
|   xor_ln9_46_fu_5936_p2   |     |        | xor_ln9_46  | xor | auto   | 0       |
|   add_ln10_46_fu_6071_p2  |     |        | add_ln10_46 | add | fabric | 0       |
|   xor_ln10_46_fu_6076_p2  |     |        | xor_ln10_46 | xor | auto   | 0       |
|   add_ln11_46_fu_6103_p2  |     |        | add_ln11_46 | add | fabric | 0       |
|   xor_ln11_46_fu_6242_p2  |     |        | xor_ln11_46 | xor | auto   | 0       |
|   add_ln8_47_fu_5955_p2   |     |        | add_ln8_47  | add | fabric | 0       |
|   xor_ln8_47_fu_5960_p2   |     |        | xor_ln8_47  | xor | auto   | 0       |
|   add_ln9_47_fu_5987_p2   |     |        | add_ln9_47  | add | fabric | 0       |
|   xor_ln9_47_fu_6108_p2   |     |        | xor_ln9_47  | xor | auto   | 0       |
|   add_ln10_47_fu_6134_p2  |     |        | add_ln10_47 | add | fabric | 0       |
|   xor_ln10_47_fu_6139_p2  |     |        | xor_ln10_47 | xor | auto   | 0       |
|   add_ln11_47_fu_6268_p2  |     |        | add_ln11_47 | add | fabric | 0       |
|   xor_ln11_47_fu_6272_p2  |     |        | xor_ln11_47 | xor | auto   | 0       |
|   add_ln8_48_fu_6299_p2   |     |        | add_ln8_48  | add | fabric | 0       |
|   xor_ln8_48_fu_6339_p2   |     |        | xor_ln8_48  | xor | auto   | 0       |
|   add_ln9_48_fu_6365_p2   |     |        | add_ln9_48  | add | fabric | 0       |
|   xor_ln9_48_fu_6370_p2   |     |        | xor_ln9_48  | xor | auto   | 0       |
|   add_ln10_48_fu_6540_p2  |     |        | add_ln10_48 | add | fabric | 0       |
|   xor_ln10_48_fu_6544_p2  |     |        | xor_ln10_48 | xor | auto   | 0       |
|   add_ln11_48_fu_6571_p2  |     |        | add_ln11_48 | add | fabric | 0       |
|   xor_ln11_48_fu_6712_p2  |     |        | xor_ln11_48 | xor | auto   | 0       |
|   add_ln8_49_fu_6304_p2   |     |        | add_ln8_49  | add | fabric | 0       |
|   xor_ln8_49_fu_6397_p2   |     |        | xor_ln8_49  | xor | auto   | 0       |
|   add_ln9_49_fu_6423_p2   |     |        | add_ln9_49  | add | fabric | 0       |
|   xor_ln9_49_fu_6428_p2   |     |        | xor_ln9_49  | xor | auto   | 0       |
|   add_ln10_49_fu_6582_p2  |     |        | add_ln10_49 | add | fabric | 0       |
|   xor_ln10_49_fu_6587_p2  |     |        | xor_ln10_49 | xor | auto   | 0       |
|   add_ln11_49_fu_6614_p2  |     |        | add_ln11_49 | add | fabric | 0       |
|   xor_ln11_49_fu_6738_p2  |     |        | xor_ln11_49 | xor | auto   | 0       |
|   add_ln8_50_fu_6309_p2   |     |        | add_ln8_50  | add | fabric | 0       |
|   xor_ln8_50_fu_6447_p2   |     |        | xor_ln8_50  | xor | auto   | 0       |
|   add_ln9_50_fu_6473_p2   |     |        | add_ln9_50  | add | fabric | 0       |
|   xor_ln9_50_fu_6478_p2   |     |        | xor_ln9_50  | xor | auto   | 0       |
|   add_ln10_50_fu_6625_p2  |     |        | add_ln10_50 | add | fabric | 0       |
|   xor_ln10_50_fu_6630_p2  |     |        | xor_ln10_50 | xor | auto   | 0       |
|   add_ln11_50_fu_6657_p2  |     |        | add_ln11_50 | add | fabric | 0       |
|   xor_ln11_50_fu_6764_p2  |     |        | xor_ln11_50 | xor | auto   | 0       |
|   add_ln8_51_fu_6314_p2   |     |        | add_ln8_51  | add | fabric | 0       |
|   xor_ln8_51_fu_6319_p2   |     |        | xor_ln8_51  | xor | auto   | 0       |
|   add_ln9_51_fu_6503_p2   |     |        | add_ln9_51  | add | fabric | 0       |
|   xor_ln9_51_fu_6508_p2   |     |        | xor_ln9_51  | xor | auto   | 0       |
|   add_ln10_51_fu_6535_p2  |     |        | add_ln10_51 | add | fabric | 0       |
|   xor_ln10_51_fu_6662_p2  |     |        | xor_ln10_51 | xor | auto   | 0       |
|   add_ln11_51_fu_6688_p2  |     |        | add_ln11_51 | add | fabric | 0       |
|   xor_ln11_51_fu_6693_p2  |     |        | xor_ln11_51 | xor | auto   | 0       |
|   add_ln8_52_fu_6796_p2   |     |        | add_ln8_52  | add | fabric | 0       |
|   xor_ln8_52_fu_6801_p2   |     |        | xor_ln8_52  | xor | auto   | 0       |
|   add_ln9_52_fu_6913_p2   |     |        | add_ln9_52  | add | fabric | 0       |
|   xor_ln9_52_fu_6917_p2   |     |        | xor_ln9_52  | xor | auto   | 0       |
|   add_ln10_52_fu_6944_p2  |     |        | add_ln10_52 | add | fabric | 0       |
|   xor_ln10_52_fu_7085_p2  |     |        | xor_ln10_52 | xor | auto   | 0       |
|   add_ln11_52_fu_7111_p2  |     |        | add_ln11_52 | add | fabric | 0       |
|   xor_ln11_52_fu_7116_p2  |     |        | xor_ln11_52 | xor | auto   | 0       |
|   add_ln8_53_fu_6828_p2   |     |        | add_ln8_53  | add | fabric | 0       |
|   xor_ln8_53_fu_6833_p2   |     |        | xor_ln8_53  | xor | auto   | 0       |
|   add_ln9_53_fu_6955_p2   |     |        | add_ln9_53  | add | fabric | 0       |
|   xor_ln9_53_fu_6960_p2   |     |        | xor_ln9_53  | xor | auto   | 0       |
|   add_ln10_53_fu_6987_p2  |     |        | add_ln10_53 | add | fabric | 0       |
|   xor_ln10_53_fu_7135_p2  |     |        | xor_ln10_53 | xor | auto   | 0       |
|   add_ln11_53_fu_7161_p2  |     |        | add_ln11_53 | add | fabric | 0       |
|   xor_ln11_53_fu_7166_p2  |     |        | xor_ln11_53 | xor | auto   | 0       |
|   add_ln8_54_fu_6852_p2   |     |        | add_ln8_54  | add | fabric | 0       |
|   xor_ln8_54_fu_6857_p2   |     |        | xor_ln8_54  | xor | auto   | 0       |
|   add_ln9_54_fu_6884_p2   |     |        | add_ln9_54  | add | fabric | 0       |
|   xor_ln9_54_fu_6992_p2   |     |        | xor_ln9_54  | xor | auto   | 0       |
|   add_ln10_54_fu_7018_p2  |     |        | add_ln10_54 | add | fabric | 0       |
|   xor_ln10_54_fu_7023_p2  |     |        | xor_ln10_54 | xor | auto   | 0       |
|   add_ln11_54_fu_7191_p2  |     |        | add_ln11_54 | add | fabric | 0       |
|   xor_ln11_54_fu_7196_p2  |     |        | xor_ln11_54 | xor | auto   | 0       |
|   add_ln8_55_fu_6889_p2   |     |        | add_ln8_55  | add | fabric | 0       |
|   xor_ln8_55_fu_6894_p2   |     |        | xor_ln8_55  | xor | auto   | 0       |
|   add_ln9_55_fu_7048_p2   |     |        | add_ln9_55  | add | fabric | 0       |
|   xor_ln9_55_fu_7053_p2   |     |        | xor_ln9_55  | xor | auto   | 0       |
|   add_ln10_55_fu_7080_p2  |     |        | add_ln10_55 | add | fabric | 0       |
|   xor_ln10_55_fu_7223_p2  |     |        | xor_ln10_55 | xor | auto   | 0       |
|   add_ln11_55_fu_7249_p2  |     |        | add_ln11_55 | add | fabric | 0       |
|   xor_ln11_55_fu_7254_p2  |     |        | xor_ln11_55 | xor | auto   | 0       |
|   add_ln8_56_fu_7296_p2   |     |        | add_ln8_56  | add | fabric | 0       |
|   xor_ln8_56_fu_7301_p2   |     |        | xor_ln8_56  | xor | auto   | 0       |
|   add_ln9_56_fu_7328_p2   |     |        | add_ln9_56  | add | fabric | 0       |
|   xor_ln9_56_fu_7457_p2   |     |        | xor_ln9_56  | xor | auto   | 0       |
|   add_ln10_56_fu_7483_p2  |     |        | add_ln10_56 | add | fabric | 0       |
|   xor_ln10_56_fu_7488_p2  |     |        | xor_ln10_56 | xor | auto   | 0       |
|   add_ln11_56_fu_7658_p2  |     |        | add_ln11_56 | add | fabric | 0       |
|   xor_ln11_56_fu_7662_p2  |     |        | xor_ln11_56 | xor | auto   | 0       |
|   add_ln8_57_fu_7333_p2   |     |        | add_ln8_57  | add | fabric | 0       |
|   xor_ln8_57_fu_7338_p2   |     |        | xor_ln8_57  | xor | auto   | 0       |
|   add_ln9_57_fu_7365_p2   |     |        | add_ln9_57  | add | fabric | 0       |
|   xor_ln9_57_fu_7515_p2   |     |        | xor_ln9_57  | xor | auto   | 0       |
|   add_ln10_57_fu_7541_p2  |     |        | add_ln10_57 | add | fabric | 0       |
|   xor_ln10_57_fu_7546_p2  |     |        | xor_ln10_57 | xor | auto   | 0       |
|   add_ln11_57_fu_7695_p2  |     |        | add_ln11_57 | add | fabric | 0       |
|   xor_ln11_57_fu_7700_p2  |     |        | xor_ln11_57 | xor | auto   | 0       |
|   add_ln8_58_fu_7370_p2   |     |        | add_ln8_58  | add | fabric | 0       |
|   xor_ln8_58_fu_7375_p2   |     |        | xor_ln8_58  | xor | auto   | 0       |
|   add_ln9_58_fu_7402_p2   |     |        | add_ln9_58  | add | fabric | 0       |
|   xor_ln9_58_fu_7565_p2   |     |        | xor_ln9_58  | xor | auto   | 0       |
|   add_ln10_58_fu_7591_p2  |     |        | add_ln10_58 | add | fabric | 0       |
|   xor_ln10_58_fu_7596_p2  |     |        | xor_ln10_58 | xor | auto   | 0       |
|   add_ln11_58_fu_7733_p2  |     |        | add_ln11_58 | add | fabric | 0       |
|   xor_ln11_58_fu_7738_p2  |     |        | xor_ln11_58 | xor | auto   | 0       |
|   add_ln8_59_fu_7273_p2   |     |        | add_ln8_59  | add | fabric | 0       |
|   xor_ln8_59_fu_7407_p2   |     |        | xor_ln8_59  | xor | auto   | 0       |
|   add_ln9_59_fu_7433_p2   |     |        | add_ln9_59  | add | fabric | 0       |
|   xor_ln9_59_fu_7438_p2   |     |        | xor_ln9_59  | xor | auto   | 0       |
|   add_ln10_59_fu_7621_p2  |     |        | add_ln10_59 | add | fabric | 0       |
|   xor_ln10_59_fu_7626_p2  |     |        | xor_ln10_59 | xor | auto   | 0       |
|   add_ln11_59_fu_7653_p2  |     |        | add_ln11_59 | add | fabric | 0       |
|   xor_ln11_59_fu_7765_p2  |     |        | xor_ln11_59 | xor | auto   | 0       |
|   add_ln8_60_fu_7791_p2   |     |        | add_ln8_60  | add | fabric | 0       |
|   xor_ln8_60_fu_7831_p2   |     |        | xor_ln8_60  | xor | auto   | 0       |
|   add_ln9_60_fu_7857_p2   |     |        | add_ln9_60  | add | fabric | 0       |
|   xor_ln9_60_fu_7862_p2   |     |        | xor_ln9_60  | xor | auto   | 0       |
|   add_ln10_60_fu_8030_p2  |     |        | add_ln10_60 | add | fabric | 0       |
|   xor_ln10_60_fu_8035_p2  |     |        | xor_ln10_60 | xor | auto   | 0       |
|   add_ln11_60_fu_8062_p2  |     |        | add_ln11_60 | add | fabric | 0       |
|   xor_ln11_60_fu_8203_p2  |     |        | xor_ln11_60 | xor | auto   | 0       |
|   add_ln8_61_fu_7796_p2   |     |        | add_ln8_61  | add | fabric | 0       |
|   xor_ln8_61_fu_7881_p2   |     |        | xor_ln8_61  | xor | auto   | 0       |
|   add_ln9_61_fu_7907_p2   |     |        | add_ln9_61  | add | fabric | 0       |
|   xor_ln9_61_fu_7912_p2   |     |        | xor_ln9_61  | xor | auto   | 0       |
|   add_ln10_61_fu_8073_p2  |     |        | add_ln10_61 | add | fabric | 0       |
|   xor_ln10_61_fu_8078_p2  |     |        | xor_ln10_61 | xor | auto   | 0       |
|   add_ln11_61_fu_8105_p2  |     |        | add_ln11_61 | add | fabric | 0       |
|   xor_ln11_61_fu_8229_p2  |     |        | xor_ln11_61 | xor | auto   | 0       |
|   add_ln8_62_fu_7801_p2   |     |        | add_ln8_62  | add | fabric | 0       |
|   xor_ln8_62_fu_7806_p2   |     |        | xor_ln8_62  | xor | auto   | 0       |
|   add_ln9_62_fu_7937_p2   |     |        | add_ln9_62  | add | fabric | 0       |
|   xor_ln9_62_fu_7942_p2   |     |        | xor_ln9_62  | xor | auto   | 0       |
|   add_ln10_62_fu_7969_p2  |     |        | add_ln10_62 | add | fabric | 0       |
|   xor_ln10_62_fu_8110_p2  |     |        | xor_ln10_62 | xor | auto   | 0       |
|   add_ln11_62_fu_8136_p2  |     |        | add_ln11_62 | add | fabric | 0       |
|   xor_ln11_62_fu_8141_p2  |     |        | xor_ln11_62 | xor | auto   | 0       |
|   add_ln8_63_fu_7826_p2   |     |        | add_ln8_63  | add | fabric | 0       |
|   xor_ln8_63_fu_7974_p2   |     |        | xor_ln8_63  | xor | auto   | 0       |
|   add_ln9_63_fu_8000_p2   |     |        | add_ln9_63  | add | fabric | 0       |
|   xor_ln9_63_fu_8005_p2   |     |        | xor_ln9_63  | xor | auto   | 0       |
|   add_ln10_63_fu_8166_p2  |     |        | add_ln10_63 | add | fabric | 0       |
|   xor_ln10_63_fu_8171_p2  |     |        | xor_ln10_63 | xor | auto   | 0       |
|   add_ln11_63_fu_8198_p2  |     |        | add_ln11_63 | add | fabric | 0       |
|   xor_ln11_63_fu_8261_p2  |     |        | xor_ln11_63 | xor | auto   | 0       |
|   add_ln8_64_fu_8287_p2   |     |        | add_ln8_64  | add | fabric | 0       |
|   xor_ln8_64_fu_8292_p2   |     |        | xor_ln8_64  | xor | auto   | 0       |
|   add_ln9_64_fu_8410_p2   |     |        | add_ln9_64  | add | fabric | 0       |
|   xor_ln9_64_fu_8415_p2   |     |        | xor_ln9_64  | xor | auto   | 0       |
|   add_ln10_64_fu_8442_p2  |     |        | add_ln10_64 | add | fabric | 0       |
|   xor_ln10_64_fu_8576_p2  |     |        | xor_ln10_64 | xor | auto   | 0       |
|   add_ln11_64_fu_8602_p2  |     |        | add_ln11_64 | add | fabric | 0       |
|   xor_ln11_64_fu_8607_p2  |     |        | xor_ln11_64 | xor | auto   | 0       |
|   add_ln8_65_fu_8311_p2   |     |        | add_ln8_65  | add | fabric | 0       |
|   xor_ln8_65_fu_8316_p2   |     |        | xor_ln8_65  | xor | auto   | 0       |
|   add_ln9_65_fu_8447_p2   |     |        | add_ln9_65  | add | fabric | 0       |
|   xor_ln9_65_fu_8451_p2   |     |        | xor_ln9_65  | xor | auto   | 0       |
|   add_ln10_65_fu_8478_p2  |     |        | add_ln10_65 | add | fabric | 0       |
|   xor_ln10_65_fu_8626_p2  |     |        | xor_ln10_65 | xor | auto   | 0       |
|   add_ln11_65_fu_8652_p2  |     |        | add_ln11_65 | add | fabric | 0       |
|   xor_ln11_65_fu_8657_p2  |     |        | xor_ln11_65 | xor | auto   | 0       |
|   add_ln8_66_fu_8343_p2   |     |        | add_ln8_66  | add | fabric | 0       |
|   xor_ln8_66_fu_8348_p2   |     |        | xor_ln8_66  | xor | auto   | 0       |
|   add_ln9_66_fu_8489_p2   |     |        | add_ln9_66  | add | fabric | 0       |
|   xor_ln9_66_fu_8494_p2   |     |        | xor_ln9_66  | xor | auto   | 0       |
|   add_ln10_66_fu_8521_p2  |     |        | add_ln10_66 | add | fabric | 0       |
|   xor_ln10_66_fu_8676_p2  |     |        | xor_ln10_66 | xor | auto   | 0       |
|   add_ln11_66_fu_8702_p2  |     |        | add_ln11_66 | add | fabric | 0       |
|   xor_ln11_66_fu_8707_p2  |     |        | xor_ln11_66 | xor | auto   | 0       |
|   add_ln8_67_fu_8367_p2   |     |        | add_ln8_67  | add | fabric | 0       |
|   xor_ln8_67_fu_8372_p2   |     |        | xor_ln8_67  | xor | auto   | 0       |
|   add_ln9_67_fu_8399_p2   |     |        | add_ln9_67  | add | fabric | 0       |
|   xor_ln9_67_fu_8526_p2   |     |        | xor_ln9_67  | xor | auto   | 0       |
|   add_ln10_67_fu_8552_p2  |     |        | add_ln10_67 | add | fabric | 0       |
|   xor_ln10_67_fu_8557_p2  |     |        | xor_ln10_67 | xor | auto   | 0       |
|   add_ln11_67_fu_8732_p2  |     |        | add_ln11_67 | add | fabric | 0       |
|   xor_ln11_67_fu_8737_p2  |     |        | xor_ln11_67 | xor | auto   | 0       |
|   add_ln8_68_fu_8787_p2   |     |        | add_ln8_68  | add | fabric | 0       |
|   xor_ln8_68_fu_8792_p2   |     |        | xor_ln8_68  | xor | auto   | 0       |
|   add_ln9_68_fu_8819_p2   |     |        | add_ln9_68  | add | fabric | 0       |
|   xor_ln9_68_fu_8948_p2   |     |        | xor_ln9_68  | xor | auto   | 0       |
|   add_ln10_68_fu_8974_p2  |     |        | add_ln10_68 | add | fabric | 0       |
|   xor_ln10_68_fu_8979_p2  |     |        | xor_ln10_68 | xor | auto   | 0       |
|   add_ln11_68_fu_9147_p2  |     |        | add_ln11_68 | add | fabric | 0       |
|   xor_ln11_68_fu_9152_p2  |     |        | xor_ln11_68 | xor | auto   | 0       |
|   add_ln8_69_fu_8824_p2   |     |        | add_ln8_69  | add | fabric | 0       |
|   xor_ln8_69_fu_8829_p2   |     |        | xor_ln8_69  | xor | auto   | 0       |
|   add_ln9_69_fu_8856_p2   |     |        | add_ln9_69  | add | fabric | 0       |
|   xor_ln9_69_fu_8998_p2   |     |        | xor_ln9_69  | xor | auto   | 0       |
|   add_ln10_69_fu_9024_p2  |     |        | add_ln10_69 | add | fabric | 0       |
|   xor_ln10_69_fu_9029_p2  |     |        | xor_ln10_69 | xor | auto   | 0       |
|   add_ln11_69_fu_9185_p2  |     |        | add_ln11_69 | add | fabric | 0       |
|   xor_ln11_69_fu_9190_p2  |     |        | xor_ln11_69 | xor | auto   | 0       |
|   add_ln8_70_fu_8764_p2   |     |        | add_ln8_70  | add | fabric | 0       |
|   xor_ln8_70_fu_8861_p2   |     |        | xor_ln8_70  | xor | auto   | 0       |
|   add_ln9_70_fu_8887_p2   |     |        | add_ln9_70  | add | fabric | 0       |
|   xor_ln9_70_fu_8892_p2   |     |        | xor_ln9_70  | xor | auto   | 0       |
|   add_ln10_70_fu_9054_p2  |     |        | add_ln10_70 | add | fabric | 0       |
|   xor_ln10_70_fu_9059_p2  |     |        | xor_ln10_70 | xor | auto   | 0       |
|   add_ln11_70_fu_9086_p2  |     |        | add_ln11_70 | add | fabric | 0       |
|   xor_ln11_70_fu_9217_p2  |     |        | xor_ln11_70 | xor | auto   | 0       |
|   add_ln8_71_fu_8911_p2   |     |        | add_ln8_71  | add | fabric | 0       |
|   xor_ln8_71_fu_8916_p2   |     |        | xor_ln8_71  | xor | auto   | 0       |
|   add_ln9_71_fu_8943_p2   |     |        | add_ln9_71  | add | fabric | 0       |
|   xor_ln9_71_fu_9091_p2   |     |        | xor_ln9_71  | xor | auto   | 0       |
|   add_ln10_71_fu_9117_p2  |     |        | add_ln10_71 | add | fabric | 0       |
|   xor_ln10_71_fu_9122_p2  |     |        | xor_ln10_71 | xor | auto   | 0       |
|   add_ln11_71_fu_9249_p2  |     |        | add_ln11_71 | add | fabric | 0       |
|   xor_ln11_71_fu_9254_p2  |     |        | xor_ln11_71 | xor | auto   | 0       |
|   add_ln8_72_fu_9281_p2   |     |        | add_ln8_72  | add | fabric | 0       |
|   xor_ln8_72_fu_9321_p2   |     |        | xor_ln8_72  | xor | auto   | 0       |
|   add_ln9_72_fu_9347_p2   |     |        | add_ln9_72  | add | fabric | 0       |
|   xor_ln9_72_fu_9352_p2   |     |        | xor_ln9_72  | xor | auto   | 0       |
|   add_ln10_72_fu_9520_p2  |     |        | add_ln10_72 | add | fabric | 0       |
|   xor_ln10_72_fu_9525_p2  |     |        | xor_ln10_72 | xor | auto   | 0       |
|   add_ln11_72_fu_9552_p2  |     |        | add_ln11_72 | add | fabric | 0       |
|   xor_ln11_72_fu_9693_p2  |     |        | xor_ln11_72 | xor | auto   | 0       |
|   add_ln8_73_fu_9286_p2   |     |        | add_ln8_73  | add | fabric | 0       |
|   xor_ln8_73_fu_9371_p2   |     |        | xor_ln8_73  | xor | auto   | 0       |
|   add_ln9_73_fu_9397_p2   |     |        | add_ln9_73  | add | fabric | 0       |
|   xor_ln9_73_fu_9402_p2   |     |        | xor_ln9_73  | xor | auto   | 0       |
|   add_ln10_73_fu_9563_p2  |     |        | add_ln10_73 | add | fabric | 0       |
|   xor_ln10_73_fu_9568_p2  |     |        | xor_ln10_73 | xor | auto   | 0       |
|   add_ln11_73_fu_9595_p2  |     |        | add_ln11_73 | add | fabric | 0       |
|   xor_ln11_73_fu_9719_p2  |     |        | xor_ln11_73 | xor | auto   | 0       |
|   add_ln8_74_fu_9291_p2   |     |        | add_ln8_74  | add | fabric | 0       |
|   xor_ln8_74_fu_9421_p2   |     |        | xor_ln8_74  | xor | auto   | 0       |
|   add_ln9_74_fu_9447_p2   |     |        | add_ln9_74  | add | fabric | 0       |
|   xor_ln9_74_fu_9452_p2   |     |        | xor_ln9_74  | xor | auto   | 0       |
|   add_ln10_74_fu_9606_p2  |     |        | add_ln10_74 | add | fabric | 0       |
|   xor_ln10_74_fu_9611_p2  |     |        | xor_ln10_74 | xor | auto   | 0       |
|   add_ln11_74_fu_9638_p2  |     |        | add_ln11_74 | add | fabric | 0       |
|   xor_ln11_74_fu_9745_p2  |     |        | xor_ln11_74 | xor | auto   | 0       |
|   add_ln8_75_fu_9296_p2   |     |        | add_ln8_75  | add | fabric | 0       |
|   xor_ln8_75_fu_9301_p2   |     |        | xor_ln8_75  | xor | auto   | 0       |
|   add_ln9_75_fu_9477_p2   |     |        | add_ln9_75  | add | fabric | 0       |
|   xor_ln9_75_fu_9482_p2   |     |        | xor_ln9_75  | xor | auto   | 0       |
|   add_ln10_75_fu_9509_p2  |     |        | add_ln10_75 | add | fabric | 0       |
|   xor_ln10_75_fu_9643_p2  |     |        | xor_ln10_75 | xor | auto   | 0       |
|   add_ln11_75_fu_9669_p2  |     |        | add_ln11_75 | add | fabric | 0       |
|   xor_ln11_75_fu_9674_p2  |     |        | xor_ln11_75 | xor | auto   | 0       |
|   add_ln8_76_fu_9777_p2   |     |        | add_ln8_76  | add | fabric | 0       |
|   xor_ln8_76_fu_9782_p2   |     |        | xor_ln8_76  | xor | auto   | 0       |
|   add_ln9_76_fu_9892_p2   |     |        | add_ln9_76  | add | fabric | 0       |
|   xor_ln9_76_fu_9897_p2   |     |        | xor_ln9_76  | xor | auto   | 0       |
|   add_ln10_76_fu_9924_p2  |     |        | add_ln10_76 | add | fabric | 0       |
|   xor_ln10_76_fu_10046_p2 |     |        | xor_ln10_76 | xor | auto   | 0       |
|   add_ln11_76_fu_10073_p2 |     |        | add_ln11_76 | add | fabric | 0       |
|   xor_ln11_76_fu_10079_p2 |     |        | xor_ln11_76 | xor | auto   | 0       |
|   add_ln8_77_fu_9801_p2   |     |        | add_ln8_77  | add | fabric | 0       |
|   xor_ln8_77_fu_9806_p2   |     |        | xor_ln8_77  | xor | auto   | 0       |
|   add_ln9_77_fu_9935_p2   |     |        | add_ln9_77  | add | fabric | 0       |
|   xor_ln9_77_fu_9940_p2   |     |        | xor_ln9_77  | xor | auto   | 0       |
|   add_ln10_77_fu_9967_p2  |     |        | add_ln10_77 | add | fabric | 0       |
|   xor_ln10_77_fu_10107_p2 |     |        | xor_ln10_77 | xor | auto   | 0       |
|   add_ln11_77_fu_10134_p2 |     |        | add_ln11_77 | add | fabric | 0       |
|   xor_ln11_77_fu_10140_p2 |     |        | xor_ln11_77 | xor | auto   | 0       |
|   add_ln8_78_fu_9825_p2   |     |        | add_ln8_78  | add | fabric | 0       |
|   xor_ln8_78_fu_9830_p2   |     |        | xor_ln8_78  | xor | auto   | 0       |
|   add_ln9_78_fu_9857_p2   |     |        | add_ln9_78  | add | fabric | 0       |
|   xor_ln9_78_fu_9972_p2   |     |        | xor_ln9_78  | xor | auto   | 0       |
|   add_ln10_78_fu_9998_p2  |     |        | add_ln10_78 | add | fabric | 0       |
|   xor_ln10_78_fu_10168_p2 |     |        | xor_ln10_78 | xor | auto   | 0       |
|   add_ln11_78_fu_10195_p2 |     |        | add_ln11_78 | add | fabric | 0       |
|   xor_ln11_78_fu_10201_p2 |     |        | xor_ln11_78 | xor | auto   | 0       |
|   add_ln8_79_fu_9862_p2   |     |        | add_ln8_79  | add | fabric | 0       |
|   xor_ln8_79_fu_9867_p2   |     |        | xor_ln8_79  | xor | auto   | 0       |
|   add_ln9_79_fu_10009_p2  |     |        | add_ln9_79  | add | fabric | 0       |
|   xor_ln9_79_fu_10014_p2  |     |        | xor_ln9_79  | xor | auto   | 0       |
|   add_ln10_79_fu_10041_p2 |     |        | add_ln10_79 | add | fabric | 0       |
|   xor_ln10_79_fu_10229_p2 |     |        | xor_ln10_79 | xor | auto   | 0       |
|   add_ln11_79_fu_10256_p2 |     |        | add_ln11_79 | add | fabric | 0       |
|   xor_ln11_79_fu_10262_p2 |     |        | xor_ln11_79 | xor | auto   | 0       |
+---------------------------+-----+--------+-------------+-----+--------+---------+


================================================================
== Storage Report
================================================================
+-------------------+-----------+-----------+------+------+--------+----------+------+---------+------------------+
| Name              | Usage     | Type      | BRAM | URAM | Pragma | Variable | Impl | Latency | Bitwidth, Depth, |
|                   |           |           |      |      |        |          |      |         | Banks            |
+-------------------+-----------+-----------+------+------+--------+----------+------+---------+------------------+
| + chacha20_kernel |           |           | 0    | 0    |        |          |      |         |                  |
|   control_s_axi_U | interface | s_axilite |      |      |        |          |      |         |                  |
+-------------------+-----------+-----------+------+------+--------+----------+------+---------+------------------+


================================================================
== Pragma Report
================================================================
* Valid Pragma Syntax
+-----------------+--------------------------------------+-------------------------------------------+
| Type            | Options                              | Location                                  |
+-----------------+--------------------------------------+-------------------------------------------+
| INLINE          |                                      | in qr (chacha_kernel.cpp:7)               |
| INTERFACE       | s_axilite port=state bundle=control  | in chacha20_kernel (chacha_kernel.cpp:16) |
| INTERFACE       | s_axilite port=return bundle=control | in chacha20_kernel (chacha_kernel.cpp:17) |
| ARRAY_PARTITION | variable=state complete              | in chacha20_kernel (chacha_kernel.cpp:20) |
| UNROLL          |                                      | in chacha20_kernel (chacha_kernel.cpp:23) |
+-----------------+--------------------------------------+-------------------------------------------+


